{"E:\\Software Verification and Testing\\backend\\src\\app.ts": {"path":"E:\\Software Verification and Testing\\backend\\src\\app.ts","statementMap":{"0":{"start":{"line":1,"column":0},"end":{"line":1,"column":66}},"1":{"start":{"line":2,"column":0},"end":{"line":2,"column":24}},"2":{"start":{"line":3,"column":0},"end":{"line":3,"column":34}},"3":{"start":{"line":4,"column":0},"end":{"line":4,"column":70}},"4":{"start":{"line":7,"column":25},"end":{"line":7,"column":34}},"5":{"start":{"line":10,"column":0},"end":{"line":15,"column":2}},"6":{"start":{"line":17,"column":0},"end":{"line":17,"column":24}},"7":{"start":{"line":20,"column":0},"end":{"line":20,"column":24}},"8":{"start":{"line":22,"column":0},"end":{"line":24,"column":3}},"9":{"start":{"line":23,"column":2},"end":{"line":23,"column":31}},"10":{"start":{"line":26,"column":0},"end":{"line":26,"column":28}},"11":{"start":{"line":30,"column":0},"end":{"line":30,"column":19}}},"fnMap":{"0":{"name":"(anonymous_1)","decl":{"start":{"line":22,"column":13},"end":{"line":22,"column":14}},"loc":{"start":{"line":22,"column":45},"end":{"line":24,"column":1}}}},"branchMap":{},"s":{"0":0,"1":0,"2":0,"3":0,"4":0,"5":0,"6":0,"7":0,"8":0,"9":0,"10":0,"11":0},"f":{"0":0},"b":{}}
,"E:\\Software Verification and Testing\\backend\\src\\server.ts": {"path":"E:\\Software Verification and Testing\\backend\\src\\server.ts","statementMap":{"0":{"start":{"line":1,"column":0},"end":{"line":1,"column":32}},"1":{"start":{"line":2,"column":0},"end":{"line":2,"column":24}},"2":{"start":{"line":3,"column":0},"end":{"line":3,"column":34}},"3":{"start":{"line":6,"column":2},"end":{"line":14,"column":3}},"4":{"start":{"line":7,"column":4},"end":{"line":7,"column":58}},"5":{"start":{"line":9,"column":4},"end":{"line":11,"column":7}},"6":{"start":{"line":10,"column":6},"end":{"line":10,"column":73}},"7":{"start":{"line":13,"column":4},"end":{"line":13,"column":23}},"8":{"start":{"line":17,"column":0},"end":{"line":17,"column":7}}},"fnMap":{"0":{"name":"main","decl":{"start":{"line":5,"column":15},"end":{"line":5,"column":19}},"loc":{"start":{"line":5,"column":19},"end":{"line":15,"column":null}}},"1":{"name":"(anonymous_10)","decl":{"start":{"line":9,"column":28},"end":{"line":9,"column":31}},"loc":{"start":{"line":9,"column":33},"end":{"line":11,"column":5}}}},"branchMap":{},"s":{"0":0,"1":0,"2":0,"3":0,"4":0,"5":0,"6":0,"7":0,"8":0},"f":{"0":0,"1":0},"b":{}}
,"E:\\Software Verification and Testing\\backend\\src\\app\\Errors\\AppError.ts": {"path":"E:\\Software Verification and Testing\\backend\\src\\app\\Errors\\AppError.ts","statementMap":{"0":{"start":{"line":5,"column":4},"end":{"line":5,"column":19}},"1":{"start":{"line":6,"column":4},"end":{"line":6,"column":33}},"2":{"start":{"line":8,"column":4},"end":{"line":12,"column":5}},"3":{"start":{"line":9,"column":6},"end":{"line":9,"column":25}},"4":{"start":{"line":11,"column":6},"end":{"line":11,"column":54}},"5":{"start":{"line":16,"column":0},"end":{"line":16,"column":24}}},"fnMap":{"0":{"name":"(anonymous_0)","decl":{"start":{"line":4,"column":2},"end":{"line":4,"column":14}},"loc":{"start":{"line":4,"column":61},"end":{"line":13,"column":3}}}},"branchMap":{"0":{"loc":{"start":{"line":4,"column":51},"end":{"line":4,"column":61}},"type":"default-arg","locations":[{"start":{"line":4,"column":59},"end":{"line":4,"column":61}}]},"1":{"loc":{"start":{"line":8,"column":4},"end":{"line":12,"column":5}},"type":"if","locations":[{"start":{"line":8,"column":4},"end":{"line":12,"column":5}},{"start":{"line":10,"column":11},"end":{"line":12,"column":5}}]}},"s":{"0":2,"1":2,"2":2,"3":0,"4":2,"5":1},"f":{"0":2},"b":{"0":[2],"1":[0,2]}}
,"E:\\Software Verification and Testing\\backend\\src\\app\\Errors\\handleCastError.ts": {"path":"E:\\Software Verification and Testing\\backend\\src\\app\\Errors\\handleCastError.ts","statementMap":{"0":{"start":{"line":4,"column":24},"end":{"line":21,"column":1}},"1":{"start":{"line":7,"column":23},"end":{"line":12,"column":4}},"2":{"start":{"line":14,"column":21},"end":{"line":14,"column":24}},"3":{"start":{"line":16,"column":2},"end":{"line":20,"column":4}},"4":{"start":{"line":23,"column":0},"end":{"line":23,"column":31}}},"fnMap":{"0":{"name":"(anonymous_0)","decl":{"start":{"line":4,"column":24},"end":{"line":4,"column":null}},"loc":{"start":{"line":6,"column":27},"end":{"line":21,"column":1}}}},"branchMap":{"0":{"loc":{"start":{"line":9,"column":12},"end":{"line":9,"column":21}},"type":"cond-expr","locations":[{"start":{"line":9,"column":15},"end":{"line":9,"column":17}},{"start":{"line":9,"column":12},"end":{"line":9,"column":21}}]},"1":{"loc":{"start":{"line":9,"column":12},"end":{"line":9,"column":17}},"type":"binary-expr","locations":[{"start":{"line":9,"column":12},"end":{"line":9,"column":17}},{"start":{"line":9,"column":12},"end":{"line":9,"column":17}}]},"2":{"loc":{"start":{"line":10,"column":15},"end":{"line":10,"column":27}},"type":"cond-expr","locations":[{"start":{"line":10,"column":18},"end":{"line":10,"column":20}},{"start":{"line":10,"column":15},"end":{"line":10,"column":27}}]},"3":{"loc":{"start":{"line":10,"column":15},"end":{"line":10,"column":20}},"type":"binary-expr","locations":[{"start":{"line":10,"column":15},"end":{"line":10,"column":20}},{"start":{"line":10,"column":15},"end":{"line":10,"column":20}}]}},"s":{"0":0,"1":0,"2":0,"3":0,"4":0},"f":{"0":0},"b":{"0":[0,0],"1":[0,0],"2":[0,0],"3":[0,0]}}
,"E:\\Software Verification and Testing\\backend\\src\\app\\Errors\\handleDuplicatError.ts": {"path":"E:\\Software Verification and Testing\\backend\\src\\app\\Errors\\handleDuplicatError.ts","statementMap":{"0":{"start":{"line":4,"column":29},"end":{"line":25,"column":1}},"1":{"start":{"line":6,"column":16},"end":{"line":6,"column":46}},"2":{"start":{"line":9,"column":27},"end":{"line":9,"column":44}},"3":{"start":{"line":11,"column":38},"end":{"line":16,"column":4}},"4":{"start":{"line":18,"column":21},"end":{"line":18,"column":24}},"5":{"start":{"line":20,"column":2},"end":{"line":24,"column":4}},"6":{"start":{"line":27,"column":0},"end":{"line":27,"column":36}}},"fnMap":{"0":{"name":"(anonymous_0)","decl":{"start":{"line":4,"column":29},"end":{"line":4,"column":30}},"loc":{"start":{"line":4,"column":65},"end":{"line":25,"column":1}}}},"branchMap":{"0":{"loc":{"start":{"line":9,"column":27},"end":{"line":9,"column":44}},"type":"binary-expr","locations":[{"start":{"line":9,"column":27},"end":{"line":9,"column":32}},{"start":{"line":9,"column":36},"end":{"line":9,"column":44}}]}},"s":{"0":0,"1":0,"2":0,"3":0,"4":0,"5":0,"6":0},"f":{"0":0},"b":{"0":[0,0]}}
,"E:\\Software Verification and Testing\\backend\\src\\app\\Errors\\handleValidationError.ts": {"path":"E:\\Software Verification and Testing\\backend\\src\\app\\Errors\\handleValidationError.ts","statementMap":{"0":{"start":{"line":4,"column":30},"end":{"line":23,"column":1}},"1":{"start":{"line":7,"column":38},"end":{"line":13,"column":null}},"2":{"start":{"line":9,"column":6},"end":{"line":12,"column":8}},"3":{"start":{"line":16,"column":21},"end":{"line":16,"column":24}},"4":{"start":{"line":18,"column":2},"end":{"line":22,"column":4}},"5":{"start":{"line":25,"column":0},"end":{"line":25,"column":37}}},"fnMap":{"0":{"name":"(anonymous_0)","decl":{"start":{"line":4,"column":30},"end":{"line":4,"column":null}},"loc":{"start":{"line":6,"column":27},"end":{"line":23,"column":1}}},"1":{"name":"(anonymous_1)","decl":{"start":{"line":8,"column":4},"end":{"line":8,"column":5}},"loc":{"start":{"line":8,"column":70},"end":{"line":13,"column":5}}}},"branchMap":{"0":{"loc":{"start":{"line":10,"column":14},"end":{"line":10,"column":23}},"type":"cond-expr","locations":[{"start":{"line":10,"column":17},"end":{"line":10,"column":19}},{"start":{"line":10,"column":14},"end":{"line":10,"column":23}}]},"1":{"loc":{"start":{"line":10,"column":14},"end":{"line":10,"column":19}},"type":"binary-expr","locations":[{"start":{"line":10,"column":14},"end":{"line":10,"column":19}},{"start":{"line":10,"column":14},"end":{"line":10,"column":19}}]},"2":{"loc":{"start":{"line":11,"column":17},"end":{"line":11,"column":29}},"type":"cond-expr","locations":[{"start":{"line":11,"column":20},"end":{"line":11,"column":22}},{"start":{"line":11,"column":17},"end":{"line":11,"column":29}}]},"3":{"loc":{"start":{"line":11,"column":17},"end":{"line":11,"column":22}},"type":"binary-expr","locations":[{"start":{"line":11,"column":17},"end":{"line":11,"column":22}},{"start":{"line":11,"column":17},"end":{"line":11,"column":22}}]}},"s":{"0":0,"1":0,"2":0,"3":0,"4":0,"5":0},"f":{"0":0,"1":0},"b":{"0":[0,0],"1":[0,0],"2":[0,0],"3":[0,0]}}
,"E:\\Software Verification and Testing\\backend\\src\\app\\Errors\\handleZodError.ts": {"path":"E:\\Software Verification and Testing\\backend\\src\\app\\Errors\\handleZodError.ts","statementMap":{"0":{"start":{"line":4,"column":23},"end":{"line":19,"column":1}},"1":{"start":{"line":5,"column":38},"end":{"line":10,"column":4}},"2":{"start":{"line":6,"column":4},"end":{"line":9,"column":6}},"3":{"start":{"line":12,"column":21},"end":{"line":12,"column":24}},"4":{"start":{"line":14,"column":2},"end":{"line":18,"column":4}},"5":{"start":{"line":21,"column":0},"end":{"line":21,"column":30}}},"fnMap":{"0":{"name":"(anonymous_0)","decl":{"start":{"line":4,"column":23},"end":{"line":4,"column":24}},"loc":{"start":{"line":4,"column":64},"end":{"line":19,"column":1}}},"1":{"name":"(anonymous_1)","decl":{"start":{"line":5,"column":53},"end":{"line":5,"column":54}},"loc":{"start":{"line":5,"column":73},"end":{"line":10,"column":3}}}},"branchMap":{"0":{"loc":{"start":{"line":7,"column":12},"end":{"line":7,"column":46}},"type":"cond-expr","locations":[{"start":{"line":7,"column":17},"end":{"line":7,"column":19}},{"start":{"line":7,"column":12},"end":{"line":7,"column":46}}]},"1":{"loc":{"start":{"line":7,"column":12},"end":{"line":7,"column":19}},"type":"binary-expr","locations":[{"start":{"line":7,"column":12},"end":{"line":7,"column":19}},{"start":{"line":7,"column":12},"end":{"line":7,"column":19}}]}},"s":{"0":0,"1":0,"2":0,"3":0,"4":0,"5":0},"f":{"0":0,"1":0},"b":{"0":[0,0],"1":[0,0]}}
,"E:\\Software Verification and Testing\\backend\\src\\app\\config\\database.ts": {"path":"E:\\Software Verification and Testing\\backend\\src\\app\\config\\database.ts","statementMap":{"0":{"start":{"line":1,"column":0},"end":{"line":1,"column":32}},"1":{"start":{"line":2,"column":0},"end":{"line":2,"column":58}},"2":{"start":{"line":10,"column":4},"end":{"line":12,"column":5}},"3":{"start":{"line":11,"column":6},"end":{"line":11,"column":61}},"4":{"start":{"line":13,"column":4},"end":{"line":13,"column":39}},"5":{"start":{"line":17,"column":4},"end":{"line":34,"column":5}},"6":{"start":{"line":18,"column":26},"end":{"line":18,"column":56}},"7":{"start":{"line":20,"column":6},"end":{"line":23,"column":7}},"8":{"start":{"line":21,"column":8},"end":{"line":21,"column":60}},"9":{"start":{"line":22,"column":8},"end":{"line":22,"column":50}},"10":{"start":{"line":25,"column":6},"end":{"line":27,"column":7}},"11":{"start":{"line":26,"column":8},"end":{"line":26,"column":62}},"12":{"start":{"line":29,"column":6},"end":{"line":29,"column":44}},"13":{"start":{"line":30,"column":6},"end":{"line":30,"column":42}},"14":{"start":{"line":32,"column":6},"end":{"line":32,"column":57}},"15":{"start":{"line":33,"column":6},"end":{"line":33,"column":18}},"16":{"start":{"line":38,"column":4},"end":{"line":49,"column":5}},"17":{"start":{"line":39,"column":6},"end":{"line":39,"column":40}},"18":{"start":{"line":41,"column":6},"end":{"line":43,"column":7}},"19":{"start":{"line":42,"column":8},"end":{"line":42,"column":38}},"20":{"start":{"line":45,"column":6},"end":{"line":45,"column":47}},"21":{"start":{"line":47,"column":6},"end":{"line":47,"column":60}},"22":{"start":{"line":48,"column":6},"end":{"line":48,"column":18}},"23":{"start":{"line":53,"column":4},"end":{"line":60,"column":5}},"24":{"start":{"line":54,"column":26},"end":{"line":54,"column":57}},"25":{"start":{"line":56,"column":6},"end":{"line":59,"column":7}},"26":{"start":{"line":57,"column":27},"end":{"line":57,"column":43}},"27":{"start":{"line":58,"column":8},"end":{"line":58,"column":40}},"28":{"start":{"line":5,"column":0},"end":{"line":5,"column":13}}},"fnMap":{"0":{"name":"(anonymous_8)","decl":{"start":{"line":9,"column":9},"end":{"line":9,"column":15}},"loc":{"start":{"line":9,"column":27},"end":{"line":14,"column":3}}},"1":{"name":"(anonymous_9)","decl":{"start":{"line":16,"column":15},"end":{"line":16,"column":22}},"loc":{"start":{"line":16,"column":35},"end":{"line":35,"column":null}}},"2":{"name":"(anonymous_11)","decl":{"start":{"line":37,"column":15},"end":{"line":37,"column":25}},"loc":{"start":{"line":37,"column":25},"end":{"line":50,"column":null}}},"3":{"name":"(anonymous_13)","decl":{"start":{"line":52,"column":15},"end":{"line":52,"column":28}},"loc":{"start":{"line":52,"column":28},"end":{"line":61,"column":null}}}},"branchMap":{"0":{"loc":{"start":{"line":10,"column":4},"end":{"line":12,"column":5}},"type":"if","locations":[{"start":{"line":10,"column":4},"end":{"line":12,"column":5}},{"start":{},"end":{}}]},"1":{"loc":{"start":{"line":18,"column":26},"end":{"line":18,"column":56}},"type":"binary-expr","locations":[{"start":{"line":18,"column":26},"end":{"line":18,"column":29}},{"start":{"line":18,"column":33},"end":{"line":18,"column":56}}]},"2":{"loc":{"start":{"line":20,"column":6},"end":{"line":23,"column":7}},"type":"if","locations":[{"start":{"line":20,"column":6},"end":{"line":23,"column":7}},{"start":{},"end":{}}]},"3":{"loc":{"start":{"line":25,"column":6},"end":{"line":27,"column":7}},"type":"if","locations":[{"start":{"line":25,"column":6},"end":{"line":27,"column":7}},{"start":{},"end":{}}]},"4":{"loc":{"start":{"line":41,"column":6},"end":{"line":43,"column":7}},"type":"if","locations":[{"start":{"line":41,"column":6},"end":{"line":43,"column":7}},{"start":{},"end":{}}]},"5":{"loc":{"start":{"line":53,"column":4},"end":{"line":60,"column":5}},"type":"if","locations":[{"start":{"line":53,"column":4},"end":{"line":60,"column":5}},{"start":{},"end":{}}]}},"s":{"0":0,"1":0,"2":0,"3":0,"4":0,"5":0,"6":0,"7":0,"8":0,"9":0,"10":0,"11":0,"12":0,"13":0,"14":0,"15":0,"16":0,"17":0,"18":0,"19":0,"20":0,"21":0,"22":0,"23":0,"24":0,"25":0,"26":0,"27":0,"28":0},"f":{"0":0,"1":0,"2":0,"3":0},"b":{"0":[0,0],"1":[0,0],"2":[0,0],"3":[0,0],"4":[0,0],"5":[0,0]}}
,"E:\\Software Verification and Testing\\backend\\src\\app\\interface\\index.d.ts": {"path":"E:\\Software Verification and Testing\\backend\\src\\app\\interface\\index.d.ts","statementMap":{},"fnMap":{},"branchMap":{},"s":{},"f":{},"b":{}}
,"E:\\Software Verification and Testing\\backend\\src\\app\\middlewares\\auth.ts": {"path":"E:\\Software Verification and Testing\\backend\\src\\app\\middlewares\\auth.ts","statementMap":{"0":{"start":{"line":2,"column":0},"end":{"line":2,"column":47}},"1":{"start":{"line":3,"column":0},"end":{"line":3,"column":31}},"2":{"start":{"line":5,"column":0},"end":{"line":5,"column":50}},"3":{"start":{"line":6,"column":0},"end":{"line":6,"column":42}},"4":{"start":{"line":7,"column":0},"end":{"line":7,"column":45}},"5":{"start":{"line":8,"column":0},"end":{"line":8,"column":44}},"6":{"start":{"line":10,"column":13},"end":{"line":53,"column":1}},"7":{"start":{"line":11,"column":2},"end":{"line":52,"column":5}},"8":{"start":{"line":11,"column":78},"end":{"line":52,"column":4}},"9":{"start":{"line":12,"column":18},"end":{"line":12,"column":43}},"10":{"start":{"line":15,"column":4},"end":{"line":17,"column":5}},"11":{"start":{"line":16,"column":6},"end":{"line":16,"column":77}},"12":{"start":{"line":20,"column":20},"end":{"line":22,"column":null}},"13":{"start":{"line":25,"column":28},"end":{"line":25,"column":35}},"14":{"start":{"line":28,"column":17},"end":{"line":28,"column":53}},"15":{"start":{"line":30,"column":4},"end":{"line":32,"column":5}},"16":{"start":{"line":31,"column":6},"end":{"line":31,"column":74}},"17":{"start":{"line":35,"column":4},"end":{"line":37,"column":5}},"18":{"start":{"line":36,"column":6},"end":{"line":36,"column":72}},"19":{"start":{"line":40,"column":4},"end":{"line":45,"column":5}},"20":{"start":{"line":41,"column":6},"end":{"line":44,"column":8}},"21":{"start":{"line":48,"column":4},"end":{"line":48,"column":37}},"22":{"start":{"line":51,"column":4},"end":{"line":51,"column":11}},"23":{"start":{"line":55,"column":0},"end":{"line":55,"column":20}}},"fnMap":{"0":{"name":"(anonymous_8)","decl":{"start":{"line":10,"column":13},"end":{"line":10,"column":14}},"loc":{"start":{"line":10,"column":47},"end":{"line":53,"column":1}}},"1":{"name":"(anonymous_9)","decl":{"start":{"line":11,"column":20},"end":{"line":11,"column":27}},"loc":{"start":{"line":11,"column":78},"end":{"line":52,"column":4}}},"2":{"name":"(anonymous_10)","decl":{"start":{"line":11,"column":78},"end":{"line":11,"column":null}},"loc":{"start":{"line":11,"column":78},"end":{"line":52,"column":3}}}},"branchMap":{"0":{"loc":{"start":{"line":15,"column":4},"end":{"line":17,"column":5}},"type":"if","locations":[{"start":{"line":15,"column":4},"end":{"line":17,"column":5}},{"start":{},"end":{}}]},"1":{"loc":{"start":{"line":30,"column":4},"end":{"line":32,"column":5}},"type":"if","locations":[{"start":{"line":30,"column":4},"end":{"line":32,"column":5}},{"start":{},"end":{}}]},"2":{"loc":{"start":{"line":35,"column":4},"end":{"line":37,"column":5}},"type":"if","locations":[{"start":{"line":35,"column":4},"end":{"line":37,"column":5}},{"start":{},"end":{}}]},"3":{"loc":{"start":{"line":40,"column":4},"end":{"line":45,"column":5}},"type":"if","locations":[{"start":{"line":40,"column":4},"end":{"line":45,"column":5}},{"start":{},"end":{}}]},"4":{"loc":{"start":{"line":40,"column":8},"end":{"line":40,"column":61}},"type":"binary-expr","locations":[{"start":{"line":40,"column":8},"end":{"line":40,"column":28}},{"start":{"line":40,"column":32},"end":{"line":40,"column":61}}]}},"s":{"0":0,"1":0,"2":0,"3":0,"4":0,"5":0,"6":0,"7":0,"8":0,"9":0,"10":0,"11":0,"12":0,"13":0,"14":0,"15":0,"16":0,"17":0,"18":0,"19":0,"20":0,"21":0,"22":0,"23":0},"f":{"0":0,"1":0,"2":0},"b":{"0":[0,0],"1":[0,0],"2":[0,0],"3":[0,0],"4":[0,0]}}
,"E:\\Software Verification and Testing\\backend\\src\\app\\middlewares\\globalErrorHandler.ts": {"path":"E:\\Software Verification and Testing\\backend\\src\\app\\middlewares\\globalErrorHandler.ts","statementMap":{"0":{"start":{"line":6,"column":0},"end":{"line":6,"column":41}},"1":{"start":{"line":7,"column":0},"end":{"line":7,"column":31}},"2":{"start":{"line":9,"column":0},"end":{"line":9,"column":54}},"3":{"start":{"line":10,"column":0},"end":{"line":10,"column":68}},"4":{"start":{"line":11,"column":0},"end":{"line":11,"column":56}},"5":{"start":{"line":12,"column":0},"end":{"line":12,"column":65}},"6":{"start":{"line":13,"column":0},"end":{"line":13,"column":42}},"7":{"start":{"line":15,"column":48},"end":{"line":82,"column":1}},"8":{"start":{"line":16,"column":19},"end":{"line":16,"column":22}},"9":{"start":{"line":17,"column":16},"end":{"line":17,"column":39}},"10":{"start":{"line":19,"column":36},"end":{"line":24,"column":4}},"11":{"start":{"line":28,"column":2},"end":{"line":73,"column":3}},"12":{"start":{"line":30,"column":28},"end":{"line":30,"column":47}},"13":{"start":{"line":31,"column":4},"end":{"line":31,"column":45}},"14":{"start":{"line":32,"column":4},"end":{"line":32,"column":39}},"15":{"start":{"line":33,"column":4},"end":{"line":33,"column":49}},"16":{"start":{"line":34,"column":9},"end":{"line":73,"column":3}},"17":{"start":{"line":36,"column":28},"end":{"line":36,"column":54}},"18":{"start":{"line":37,"column":4},"end":{"line":37,"column":45}},"19":{"start":{"line":38,"column":4},"end":{"line":38,"column":39}},"20":{"start":{"line":39,"column":4},"end":{"line":39,"column":49}},"21":{"start":{"line":40,"column":9},"end":{"line":73,"column":3}},"22":{"start":{"line":42,"column":28},"end":{"line":42,"column":48}},"23":{"start":{"line":43,"column":4},"end":{"line":43,"column":45}},"24":{"start":{"line":44,"column":4},"end":{"line":44,"column":39}},"25":{"start":{"line":45,"column":4},"end":{"line":45,"column":49}},"26":{"start":{"line":46,"column":9},"end":{"line":73,"column":3}},"27":{"start":{"line":48,"column":28},"end":{"line":48,"column":53}},"28":{"start":{"line":49,"column":4},"end":{"line":49,"column":45}},"29":{"start":{"line":50,"column":4},"end":{"line":50,"column":39}},"30":{"start":{"line":51,"column":4},"end":{"line":51,"column":49}},"31":{"start":{"line":52,"column":9},"end":{"line":73,"column":3}},"32":{"start":{"line":55,"column":4},"end":{"line":55,"column":33}},"33":{"start":{"line":56,"column":4},"end":{"line":56,"column":27}},"34":{"start":{"line":57,"column":4},"end":{"line":62,"column":6}},"35":{"start":{"line":63,"column":9},"end":{"line":73,"column":3}},"36":{"start":{"line":66,"column":4},"end":{"line":66,"column":27}},"37":{"start":{"line":67,"column":4},"end":{"line":72,"column":6}},"38":{"start":{"line":75,"column":2},"end":{"line":81,"column":5}},"39":{"start":{"line":84,"column":0},"end":{"line":84,"column":34}}},"fnMap":{"0":{"name":"(anonymous_1)","decl":{"start":{"line":15,"column":48},"end":{"line":15,"column":49}},"loc":{"start":{"line":15,"column":77},"end":{"line":82,"column":1}}}},"branchMap":{"0":{"loc":{"start":{"line":28,"column":2},"end":{"line":73,"column":3}},"type":"if","locations":[{"start":{"line":28,"column":2},"end":{"line":73,"column":3}},{"start":{"line":34,"column":9},"end":{"line":73,"column":3}}]},"1":{"loc":{"start":{"line":31,"column":17},"end":{"line":31,"column":44}},"type":"cond-expr","locations":[{"start":{"line":31,"column":32},"end":{"line":31,"column":34}},{"start":{"line":31,"column":17},"end":{"line":31,"column":44}}]},"2":{"loc":{"start":{"line":31,"column":17},"end":{"line":31,"column":34}},"type":"binary-expr","locations":[{"start":{"line":31,"column":17},"end":{"line":31,"column":34}},{"start":{"line":31,"column":17},"end":{"line":31,"column":34}}]},"3":{"loc":{"start":{"line":32,"column":14},"end":{"line":32,"column":38}},"type":"cond-expr","locations":[{"start":{"line":32,"column":29},"end":{"line":32,"column":31}},{"start":{"line":32,"column":14},"end":{"line":32,"column":38}}]},"4":{"loc":{"start":{"line":32,"column":14},"end":{"line":32,"column":31}},"type":"binary-expr","locations":[{"start":{"line":32,"column":14},"end":{"line":32,"column":31}},{"start":{"line":32,"column":14},"end":{"line":32,"column":31}}]},"5":{"loc":{"start":{"line":33,"column":19},"end":{"line":33,"column":48}},"type":"cond-expr","locations":[{"start":{"line":33,"column":34},"end":{"line":33,"column":36}},{"start":{"line":33,"column":19},"end":{"line":33,"column":48}}]},"6":{"loc":{"start":{"line":33,"column":19},"end":{"line":33,"column":36}},"type":"binary-expr","locations":[{"start":{"line":33,"column":19},"end":{"line":33,"column":36}},{"start":{"line":33,"column":19},"end":{"line":33,"column":36}}]},"7":{"loc":{"start":{"line":34,"column":9},"end":{"line":73,"column":3}},"type":"if","locations":[{"start":{"line":34,"column":9},"end":{"line":73,"column":3}},{"start":{"line":40,"column":9},"end":{"line":73,"column":3}}]},"8":{"loc":{"start":{"line":34,"column":13},"end":{"line":34,"column":22}},"type":"cond-expr","locations":[{"start":{"line":34,"column":16},"end":{"line":34,"column":18}},{"start":{"line":34,"column":13},"end":{"line":34,"column":22}}]},"9":{"loc":{"start":{"line":34,"column":13},"end":{"line":34,"column":18}},"type":"binary-expr","locations":[{"start":{"line":34,"column":13},"end":{"line":34,"column":18}},{"start":{"line":34,"column":13},"end":{"line":34,"column":18}}]},"10":{"loc":{"start":{"line":37,"column":17},"end":{"line":37,"column":44}},"type":"cond-expr","locations":[{"start":{"line":37,"column":32},"end":{"line":37,"column":34}},{"start":{"line":37,"column":17},"end":{"line":37,"column":44}}]},"11":{"loc":{"start":{"line":37,"column":17},"end":{"line":37,"column":34}},"type":"binary-expr","locations":[{"start":{"line":37,"column":17},"end":{"line":37,"column":34}},{"start":{"line":37,"column":17},"end":{"line":37,"column":34}}]},"12":{"loc":{"start":{"line":38,"column":14},"end":{"line":38,"column":38}},"type":"cond-expr","locations":[{"start":{"line":38,"column":29},"end":{"line":38,"column":31}},{"start":{"line":38,"column":14},"end":{"line":38,"column":38}}]},"13":{"loc":{"start":{"line":38,"column":14},"end":{"line":38,"column":31}},"type":"binary-expr","locations":[{"start":{"line":38,"column":14},"end":{"line":38,"column":31}},{"start":{"line":38,"column":14},"end":{"line":38,"column":31}}]},"14":{"loc":{"start":{"line":39,"column":19},"end":{"line":39,"column":48}},"type":"cond-expr","locations":[{"start":{"line":39,"column":34},"end":{"line":39,"column":36}},{"start":{"line":39,"column":19},"end":{"line":39,"column":48}}]},"15":{"loc":{"start":{"line":39,"column":19},"end":{"line":39,"column":36}},"type":"binary-expr","locations":[{"start":{"line":39,"column":19},"end":{"line":39,"column":36}},{"start":{"line":39,"column":19},"end":{"line":39,"column":36}}]},"16":{"loc":{"start":{"line":40,"column":9},"end":{"line":73,"column":3}},"type":"if","locations":[{"start":{"line":40,"column":9},"end":{"line":73,"column":3}},{"start":{"line":46,"column":9},"end":{"line":73,"column":3}}]},"17":{"loc":{"start":{"line":40,"column":13},"end":{"line":40,"column":22}},"type":"cond-expr","locations":[{"start":{"line":40,"column":16},"end":{"line":40,"column":18}},{"start":{"line":40,"column":13},"end":{"line":40,"column":22}}]},"18":{"loc":{"start":{"line":40,"column":13},"end":{"line":40,"column":18}},"type":"binary-expr","locations":[{"start":{"line":40,"column":13},"end":{"line":40,"column":18}},{"start":{"line":40,"column":13},"end":{"line":40,"column":18}}]},"19":{"loc":{"start":{"line":43,"column":17},"end":{"line":43,"column":44}},"type":"cond-expr","locations":[{"start":{"line":43,"column":32},"end":{"line":43,"column":34}},{"start":{"line":43,"column":17},"end":{"line":43,"column":44}}]},"20":{"loc":{"start":{"line":43,"column":17},"end":{"line":43,"column":34}},"type":"binary-expr","locations":[{"start":{"line":43,"column":17},"end":{"line":43,"column":34}},{"start":{"line":43,"column":17},"end":{"line":43,"column":34}}]},"21":{"loc":{"start":{"line":44,"column":14},"end":{"line":44,"column":38}},"type":"cond-expr","locations":[{"start":{"line":44,"column":29},"end":{"line":44,"column":31}},{"start":{"line":44,"column":14},"end":{"line":44,"column":38}}]},"22":{"loc":{"start":{"line":44,"column":14},"end":{"line":44,"column":31}},"type":"binary-expr","locations":[{"start":{"line":44,"column":14},"end":{"line":44,"column":31}},{"start":{"line":44,"column":14},"end":{"line":44,"column":31}}]},"23":{"loc":{"start":{"line":45,"column":19},"end":{"line":45,"column":48}},"type":"cond-expr","locations":[{"start":{"line":45,"column":34},"end":{"line":45,"column":36}},{"start":{"line":45,"column":19},"end":{"line":45,"column":48}}]},"24":{"loc":{"start":{"line":45,"column":19},"end":{"line":45,"column":36}},"type":"binary-expr","locations":[{"start":{"line":45,"column":19},"end":{"line":45,"column":36}},{"start":{"line":45,"column":19},"end":{"line":45,"column":36}}]},"25":{"loc":{"start":{"line":46,"column":9},"end":{"line":73,"column":3}},"type":"if","locations":[{"start":{"line":46,"column":9},"end":{"line":73,"column":3}},{"start":{"line":52,"column":9},"end":{"line":73,"column":3}}]},"26":{"loc":{"start":{"line":46,"column":13},"end":{"line":46,"column":22}},"type":"cond-expr","locations":[{"start":{"line":46,"column":16},"end":{"line":46,"column":18}},{"start":{"line":46,"column":13},"end":{"line":46,"column":22}}]},"27":{"loc":{"start":{"line":46,"column":13},"end":{"line":46,"column":18}},"type":"binary-expr","locations":[{"start":{"line":46,"column":13},"end":{"line":46,"column":18}},{"start":{"line":46,"column":13},"end":{"line":46,"column":18}}]},"28":{"loc":{"start":{"line":49,"column":17},"end":{"line":49,"column":44}},"type":"cond-expr","locations":[{"start":{"line":49,"column":32},"end":{"line":49,"column":34}},{"start":{"line":49,"column":17},"end":{"line":49,"column":44}}]},"29":{"loc":{"start":{"line":49,"column":17},"end":{"line":49,"column":34}},"type":"binary-expr","locations":[{"start":{"line":49,"column":17},"end":{"line":49,"column":34}},{"start":{"line":49,"column":17},"end":{"line":49,"column":34}}]},"30":{"loc":{"start":{"line":50,"column":14},"end":{"line":50,"column":38}},"type":"cond-expr","locations":[{"start":{"line":50,"column":29},"end":{"line":50,"column":31}},{"start":{"line":50,"column":14},"end":{"line":50,"column":38}}]},"31":{"loc":{"start":{"line":50,"column":14},"end":{"line":50,"column":31}},"type":"binary-expr","locations":[{"start":{"line":50,"column":14},"end":{"line":50,"column":31}},{"start":{"line":50,"column":14},"end":{"line":50,"column":31}}]},"32":{"loc":{"start":{"line":51,"column":19},"end":{"line":51,"column":48}},"type":"cond-expr","locations":[{"start":{"line":51,"column":34},"end":{"line":51,"column":36}},{"start":{"line":51,"column":19},"end":{"line":51,"column":48}}]},"33":{"loc":{"start":{"line":51,"column":19},"end":{"line":51,"column":36}},"type":"binary-expr","locations":[{"start":{"line":51,"column":19},"end":{"line":51,"column":36}},{"start":{"line":51,"column":19},"end":{"line":51,"column":36}}]},"34":{"loc":{"start":{"line":52,"column":9},"end":{"line":73,"column":3}},"type":"if","locations":[{"start":{"line":52,"column":9},"end":{"line":73,"column":3}},{"start":{"line":63,"column":9},"end":{"line":73,"column":3}}]},"35":{"loc":{"start":{"line":55,"column":17},"end":{"line":55,"column":32}},"type":"cond-expr","locations":[{"start":{"line":55,"column":20},"end":{"line":55,"column":22}},{"start":{"line":55,"column":17},"end":{"line":55,"column":32}}]},"36":{"loc":{"start":{"line":55,"column":17},"end":{"line":55,"column":22}},"type":"binary-expr","locations":[{"start":{"line":55,"column":17},"end":{"line":55,"column":22}},{"start":{"line":55,"column":17},"end":{"line":55,"column":22}}]},"37":{"loc":{"start":{"line":56,"column":14},"end":{"line":56,"column":26}},"type":"cond-expr","locations":[{"start":{"line":56,"column":17},"end":{"line":56,"column":19}},{"start":{"line":56,"column":14},"end":{"line":56,"column":26}}]},"38":{"loc":{"start":{"line":56,"column":14},"end":{"line":56,"column":19}},"type":"binary-expr","locations":[{"start":{"line":56,"column":14},"end":{"line":56,"column":19}},{"start":{"line":56,"column":14},"end":{"line":56,"column":19}}]},"39":{"loc":{"start":{"line":63,"column":9},"end":{"line":73,"column":3}},"type":"if","locations":[{"start":{"line":63,"column":9},"end":{"line":73,"column":3}},{"start":{},"end":{}}]},"40":{"loc":{"start":{"line":66,"column":14},"end":{"line":66,"column":26}},"type":"cond-expr","locations":[{"start":{"line":66,"column":17},"end":{"line":66,"column":19}},{"start":{"line":66,"column":14},"end":{"line":66,"column":26}}]},"41":{"loc":{"start":{"line":66,"column":14},"end":{"line":66,"column":19}},"type":"binary-expr","locations":[{"start":{"line":66,"column":14},"end":{"line":66,"column":19}},{"start":{"line":66,"column":14},"end":{"line":66,"column":19}}]},"42":{"loc":{"start":{"line":80,"column":11},"end":{"line":80,"column":64}},"type":"cond-expr","locations":[{"start":{"line":80,"column":47},"end":{"line":80,"column":57}},{"start":{"line":80,"column":60},"end":{"line":80,"column":64}}]},"43":{"loc":{"start":{"line":80,"column":47},"end":{"line":80,"column":57}},"type":"cond-expr","locations":[{"start":{"line":80,"column":50},"end":{"line":80,"column":52}},{"start":{"line":80,"column":47},"end":{"line":80,"column":57}}]},"44":{"loc":{"start":{"line":80,"column":47},"end":{"line":80,"column":52}},"type":"binary-expr","locations":[{"start":{"line":80,"column":47},"end":{"line":80,"column":52}},{"start":{"line":80,"column":47},"end":{"line":80,"column":52}}]}},"s":{"0":0,"1":0,"2":0,"3":0,"4":0,"5":0,"6":0,"7":0,"8":0,"9":0,"10":0,"11":0,"12":0,"13":0,"14":0,"15":0,"16":0,"17":0,"18":0,"19":0,"20":0,"21":0,"22":0,"23":0,"24":0,"25":0,"26":0,"27":0,"28":0,"29":0,"30":0,"31":0,"32":0,"33":0,"34":0,"35":0,"36":0,"37":0,"38":0,"39":0},"f":{"0":0},"b":{"0":[0,0],"1":[0,0],"2":[0,0],"3":[0,0],"4":[0,0],"5":[0,0],"6":[0,0],"7":[0,0],"8":[0,0],"9":[0,0],"10":[0,0],"11":[0,0],"12":[0,0],"13":[0,0],"14":[0,0],"15":[0,0],"16":[0,0],"17":[0,0],"18":[0,0],"19":[0,0],"20":[0,0],"21":[0,0],"22":[0,0],"23":[0,0],"24":[0,0],"25":[0,0],"26":[0,0],"27":[0,0],"28":[0,0],"29":[0,0],"30":[0,0],"31":[0,0],"32":[0,0],"33":[0,0],"34":[0,0],"35":[0,0],"36":[0,0],"37":[0,0],"38":[0,0],"39":[0,0],"40":[0,0],"41":[0,0],"42":[0,0],"43":[0,0],"44":[0,0]}}
,"E:\\Software Verification and Testing\\backend\\src\\app\\middlewares\\notFound.ts": {"path":"E:\\Software Verification and Testing\\backend\\src\\app\\middlewares\\notFound.ts","statementMap":{"0":{"start":{"line":5,"column":0},"end":{"line":5,"column":44}},"1":{"start":{"line":7,"column":17},"end":{"line":13,"column":1}},"2":{"start":{"line":8,"column":2},"end":{"line":12,"column":5}},"3":{"start":{"line":15,"column":0},"end":{"line":15,"column":24}}},"fnMap":{"0":{"name":"(anonymous_0)","decl":{"start":{"line":7,"column":17},"end":{"line":7,"column":18}},"loc":{"start":{"line":7,"column":69},"end":{"line":13,"column":1}}}},"branchMap":{},"s":{"0":0,"1":0,"2":0,"3":0},"f":{"0":0},"b":{}}
,"E:\\Software Verification and Testing\\backend\\src\\app\\middlewares\\validateRequest.ts": {"path":"E:\\Software Verification and Testing\\backend\\src\\app\\middlewares\\validateRequest.ts","statementMap":{"0":{"start":{"line":5,"column":2},"end":{"line":18,"column":4}},"1":{"start":{"line":6,"column":2},"end":{"line":18,"column":4}},"2":{"start":{"line":6,"column":75},"end":{"line":18,"column":4}},"3":{"start":{"line":7,"column":4},"end":{"line":17,"column":5}},"4":{"start":{"line":8,"column":6},"end":{"line":13,"column":9}},"5":{"start":{"line":14,"column":6},"end":{"line":14,"column":20}},"6":{"start":{"line":16,"column":6},"end":{"line":16,"column":18}},"7":{"start":{"line":20,"column":0},"end":{"line":20,"column":31}}},"fnMap":{"0":{"name":"(anonymous_7)","decl":{"start":{"line":5,"column":2},"end":{"line":5,"column":3}},"loc":{"start":{"line":6,"column":2},"end":{"line":18,"column":4}}},"1":{"name":"(anonymous_8)","decl":{"start":{"line":6,"column":2},"end":{"line":6,"column":9}},"loc":{"start":{"line":6,"column":75},"end":{"line":18,"column":4}}},"2":{"name":"(anonymous_9)","decl":{"start":{"line":6,"column":75},"end":{"line":6,"column":null}},"loc":{"start":{"line":6,"column":75},"end":{"line":18,"column":3}}}},"branchMap":{},"s":{"0":0,"1":0,"2":0,"3":0,"4":0,"5":0,"6":0,"7":0},"f":{"0":0,"1":0,"2":0},"b":{}}
,"E:\\Software Verification and Testing\\backend\\src\\app\\modules\\Auth\\auth.controller.ts": {"path":"E:\\Software Verification and Testing\\backend\\src\\app\\modules\\Auth\\auth.controller.ts","statementMap":{"0":{"start":{"line":1,"column":0},"end":{"line":1,"column":52}},"1":{"start":{"line":3,"column":0},"end":{"line":3,"column":34}},"2":{"start":{"line":4,"column":0},"end":{"line":4,"column":41}},"3":{"start":{"line":5,"column":0},"end":{"line":5,"column":48}},"4":{"start":{"line":6,"column":0},"end":{"line":6,"column":44}},"5":{"start":{"line":8,"column":14},"end":{"line":28,"column":2}},"6":{"start":{"line":8,"column":44},"end":{"line":28,"column":2}},"7":{"start":{"line":9,"column":17},"end":{"line":9,"column":50}},"8":{"start":{"line":11,"column":40},"end":{"line":11,"column":46}},"9":{"start":{"line":13,"column":2},"end":{"line":18,"column":5}},"10":{"start":{"line":20,"column":2},"end":{"line":27,"column":5}},"11":{"start":{"line":30,"column":17},"end":{"line":50,"column":2}},"12":{"start":{"line":30,"column":47},"end":{"line":50,"column":2}},"13":{"start":{"line":31,"column":17},"end":{"line":31,"column":53}},"14":{"start":{"line":33,"column":40},"end":{"line":33,"column":46}},"15":{"start":{"line":35,"column":2},"end":{"line":40,"column":5}},"16":{"start":{"line":42,"column":2},"end":{"line":49,"column":5}},"17":{"start":{"line":52,"column":15},"end":{"line":61,"column":2}},"18":{"start":{"line":52,"column":46},"end":{"line":61,"column":2}},"19":{"start":{"line":53,"column":2},"end":{"line":53,"column":35}},"20":{"start":{"line":55,"column":2},"end":{"line":60,"column":5}},"21":{"start":{"line":63,"column":21},"end":{"line":78,"column":2}},"22":{"start":{"line":63,"column":51},"end":{"line":78,"column":2}},"23":{"start":{"line":64,"column":28},"end":{"line":64,"column":39}},"24":{"start":{"line":66,"column":17},"end":{"line":66,"column":62}},"25":{"start":{"line":68,"column":26},"end":{"line":68,"column":32}},"26":{"start":{"line":70,"column":2},"end":{"line":77,"column":5}},"27":{"start":{"line":80,"column":23},"end":{"line":85,"column":2}},"28":{"start":{"line":87,"column":0},"end":{"line":87,"column":30}}},"fnMap":{"0":{"name":"(anonymous_8)","decl":{"start":{"line":8,"column":25},"end":{"line":8,"column":32}},"loc":{"start":{"line":8,"column":44},"end":{"line":28,"column":2}}},"1":{"name":"(anonymous_9)","decl":{"start":{"line":8,"column":44},"end":{"line":8,"column":null}},"loc":{"start":{"line":8,"column":44},"end":{"line":28,"column":1}}},"2":{"name":"(anonymous_10)","decl":{"start":{"line":30,"column":28},"end":{"line":30,"column":35}},"loc":{"start":{"line":30,"column":47},"end":{"line":50,"column":2}}},"3":{"name":"(anonymous_11)","decl":{"start":{"line":30,"column":47},"end":{"line":30,"column":null}},"loc":{"start":{"line":30,"column":47},"end":{"line":50,"column":1}}},"4":{"name":"(anonymous_12)","decl":{"start":{"line":52,"column":26},"end":{"line":52,"column":33}},"loc":{"start":{"line":52,"column":46},"end":{"line":61,"column":2}}},"5":{"name":"(anonymous_13)","decl":{"start":{"line":52,"column":46},"end":{"line":52,"column":null}},"loc":{"start":{"line":52,"column":46},"end":{"line":61,"column":1}}},"6":{"name":"(anonymous_14)","decl":{"start":{"line":63,"column":32},"end":{"line":63,"column":39}},"loc":{"start":{"line":63,"column":51},"end":{"line":78,"column":2}}},"7":{"name":"(anonymous_15)","decl":{"start":{"line":63,"column":51},"end":{"line":63,"column":null}},"loc":{"start":{"line":63,"column":51},"end":{"line":78,"column":1}}}},"branchMap":{"0":{"loc":{"start":{"line":17,"column":14},"end":{"line":17,"column":67}},"type":"cond-expr","locations":[{"start":{"line":17,"column":50},"end":{"line":17,"column":58}},{"start":{"line":17,"column":61},"end":{"line":17,"column":67}}]},"1":{"loc":{"start":{"line":39,"column":14},"end":{"line":39,"column":67}},"type":"cond-expr","locations":[{"start":{"line":39,"column":50},"end":{"line":39,"column":58}},{"start":{"line":39,"column":61},"end":{"line":39,"column":67}}]}},"s":{"0":0,"1":0,"2":0,"3":0,"4":0,"5":0,"6":0,"7":0,"8":0,"9":0,"10":0,"11":0,"12":0,"13":0,"14":0,"15":0,"16":0,"17":0,"18":0,"19":0,"20":0,"21":0,"22":0,"23":0,"24":0,"25":0,"26":0,"27":0,"28":0},"f":{"0":0,"1":0,"2":0,"3":0,"4":0,"5":0,"6":0,"7":0},"b":{"0":[0,0],"1":[0,0]}}
,"E:\\Software Verification and Testing\\backend\\src\\app\\modules\\Auth\\auth.route.ts": {"path":"E:\\Software Verification and Testing\\backend\\src\\app\\modules\\Auth\\auth.route.ts","statementMap":{"0":{"start":{"line":1,"column":0},"end":{"line":1,"column":30}},"1":{"start":{"line":2,"column":0},"end":{"line":2,"column":47}},"2":{"start":{"line":3,"column":0},"end":{"line":3,"column":47}},"3":{"start":{"line":5,"column":0},"end":{"line":5,"column":64}},"4":{"start":{"line":7,"column":15},"end":{"line":7,"column":31}},"5":{"start":{"line":9,"column":0},"end":{"line":13,"column":2}},"6":{"start":{"line":15,"column":0},"end":{"line":19,"column":2}},"7":{"start":{"line":21,"column":0},"end":{"line":21,"column":46}},"8":{"start":{"line":23,"column":0},"end":{"line":23,"column":59}},"9":{"start":{"line":25,"column":13},"end":{"line":25,"column":33}}},"fnMap":{},"branchMap":{},"s":{"0":0,"1":0,"2":0,"3":0,"4":0,"5":0,"6":0,"7":0,"8":0,"9":0},"f":{},"b":{}}
,"E:\\Software Verification and Testing\\backend\\src\\app\\modules\\Auth\\auth.service.ts": {"path":"E:\\Software Verification and Testing\\backend\\src\\app\\modules\\Auth\\auth.service.ts","statementMap":{"0":{"start":{"line":1,"column":0},"end":{"line":1,"column":44}},"1":{"start":{"line":2,"column":0},"end":{"line":2,"column":45}},"2":{"start":{"line":3,"column":0},"end":{"line":3,"column":42}},"3":{"start":{"line":5,"column":0},"end":{"line":5,"column":37}},"4":{"start":{"line":6,"column":0},"end":{"line":6,"column":34}},"5":{"start":{"line":9,"column":14},"end":{"line":54,"column":2}},"6":{"start":{"line":9,"column":44},"end":{"line":54,"column":2}},"7":{"start":{"line":10,"column":15},"end":{"line":10,"column":59}},"8":{"start":{"line":12,"column":2},"end":{"line":14,"column":3}},"9":{"start":{"line":13,"column":4},"end":{"line":13,"column":78}},"10":{"start":{"line":16,"column":21},"end":{"line":16,"column":36}},"11":{"start":{"line":18,"column":2},"end":{"line":20,"column":3}},"12":{"start":{"line":19,"column":4},"end":{"line":19,"column":64}},"13":{"start":{"line":22,"column":28},"end":{"line":24,"column":null}},"14":{"start":{"line":27,"column":2},"end":{"line":29,"column":3}},"15":{"start":{"line":28,"column":4},"end":{"line":28,"column":68}},"16":{"start":{"line":31,"column":2},"end":{"line":33,"column":3}},"17":{"start":{"line":32,"column":4},"end":{"line":32,"column":79}},"18":{"start":{"line":35,"column":21},"end":{"line":39,"column":4}},"19":{"start":{"line":41,"column":22},"end":{"line":44,"column":null}},"20":{"start":{"line":47,"column":23},"end":{"line":50,"column":null}},"21":{"start":{"line":53,"column":2},"end":{"line":53,"column":39}},"22":{"start":{"line":56,"column":17},"end":{"line":84,"column":2}},"23":{"start":{"line":56,"column":50},"end":{"line":84,"column":2}},"24":{"start":{"line":57,"column":23},"end":{"line":57,"column":67}},"25":{"start":{"line":59,"column":2},"end":{"line":61,"column":3}},"26":{"start":{"line":60,"column":4},"end":{"line":60,"column":67}},"27":{"start":{"line":63,"column":15},"end":{"line":63,"column":48}},"28":{"start":{"line":65,"column":21},"end":{"line":69,"column":4}},"29":{"start":{"line":71,"column":22},"end":{"line":74,"column":null}},"30":{"start":{"line":77,"column":23},"end":{"line":80,"column":null}},"31":{"start":{"line":83,"column":2},"end":{"line":83,"column":39}},"32":{"start":{"line":86,"column":21},"end":{"line":111,"column":2}},"33":{"start":{"line":86,"column":52},"end":{"line":111,"column":2}},"34":{"start":{"line":87,"column":18},"end":{"line":89,"column":null}},"35":{"start":{"line":92,"column":15},"end":{"line":92,"column":73}},"36":{"start":{"line":94,"column":2},"end":{"line":96,"column":3}},"37":{"start":{"line":95,"column":4},"end":{"line":95,"column":62}},"38":{"start":{"line":98,"column":21},"end":{"line":102,"column":4}},"39":{"start":{"line":104,"column":22},"end":{"line":107,"column":null}},"40":{"start":{"line":110,"column":2},"end":{"line":110,"column":25}},"41":{"start":{"line":113,"column":20},"end":{"line":113,"column":53}},"42":{"start":{"line":115,"column":0},"end":{"line":115,"column":27}}},"fnMap":{"0":{"name":"(anonymous_8)","decl":{"start":{"line":9,"column":14},"end":{"line":9,"column":21}},"loc":{"start":{"line":9,"column":44},"end":{"line":54,"column":2}}},"1":{"name":"(anonymous_9)","decl":{"start":{"line":9,"column":44},"end":{"line":9,"column":null}},"loc":{"start":{"line":9,"column":44},"end":{"line":54,"column":1}}},"2":{"name":"(anonymous_10)","decl":{"start":{"line":56,"column":17},"end":{"line":56,"column":24}},"loc":{"start":{"line":56,"column":50},"end":{"line":84,"column":2}}},"3":{"name":"(anonymous_11)","decl":{"start":{"line":56,"column":50},"end":{"line":56,"column":null}},"loc":{"start":{"line":56,"column":50},"end":{"line":84,"column":1}}},"4":{"name":"(anonymous_12)","decl":{"start":{"line":86,"column":21},"end":{"line":86,"column":28}},"loc":{"start":{"line":86,"column":52},"end":{"line":111,"column":2}}},"5":{"name":"(anonymous_13)","decl":{"start":{"line":86,"column":52},"end":{"line":86,"column":null}},"loc":{"start":{"line":86,"column":52},"end":{"line":111,"column":1}}}},"branchMap":{"0":{"loc":{"start":{"line":12,"column":2},"end":{"line":14,"column":3}},"type":"if","locations":[{"start":{"line":12,"column":2},"end":{"line":14,"column":3}},{"start":{},"end":{}}]},"1":{"loc":{"start":{"line":16,"column":21},"end":{"line":16,"column":36}},"type":"cond-expr","locations":[{"start":{"line":16,"column":25},"end":{"line":16,"column":27}},{"start":{"line":16,"column":21},"end":{"line":16,"column":36}}]},"2":{"loc":{"start":{"line":16,"column":21},"end":{"line":16,"column":27}},"type":"binary-expr","locations":[{"start":{"line":16,"column":21},"end":{"line":16,"column":27}},{"start":{"line":16,"column":21},"end":{"line":16,"column":27}}]},"3":{"loc":{"start":{"line":18,"column":2},"end":{"line":20,"column":3}},"type":"if","locations":[{"start":{"line":18,"column":2},"end":{"line":20,"column":3}},{"start":{},"end":{}}]},"4":{"loc":{"start":{"line":27,"column":2},"end":{"line":29,"column":3}},"type":"if","locations":[{"start":{"line":27,"column":2},"end":{"line":29,"column":3}},{"start":{},"end":{}}]},"5":{"loc":{"start":{"line":31,"column":2},"end":{"line":33,"column":3}},"type":"if","locations":[{"start":{"line":31,"column":2},"end":{"line":33,"column":3}},{"start":{},"end":{}}]},"6":{"loc":{"start":{"line":59,"column":2},"end":{"line":61,"column":3}},"type":"if","locations":[{"start":{"line":59,"column":2},"end":{"line":61,"column":3}},{"start":{},"end":{}}]},"7":{"loc":{"start":{"line":94,"column":2},"end":{"line":96,"column":3}},"type":"if","locations":[{"start":{"line":94,"column":2},"end":{"line":96,"column":3}},{"start":{},"end":{}}]}},"s":{"0":0,"1":0,"2":0,"3":0,"4":0,"5":0,"6":0,"7":0,"8":0,"9":0,"10":0,"11":0,"12":0,"13":0,"14":0,"15":0,"16":0,"17":0,"18":0,"19":0,"20":0,"21":0,"22":0,"23":0,"24":0,"25":0,"26":0,"27":0,"28":0,"29":0,"30":0,"31":0,"32":0,"33":0,"34":0,"35":0,"36":0,"37":0,"38":0,"39":0,"40":0,"41":0,"42":0},"f":{"0":0,"1":0,"2":0,"3":0,"4":0,"5":0},"b":{"0":[0,0],"1":[0,0],"2":[0,0],"3":[0,0],"4":[0,0],"5":[0,0],"6":[0,0],"7":[0,0]}}
,"E:\\Software Verification and Testing\\backend\\src\\app\\modules\\Auth\\auth.utils.ts": {"path":"E:\\Software Verification and Testing\\backend\\src\\app\\modules\\Auth\\auth.utils.ts","statementMap":{"0":{"start":{"line":1,"column":0},"end":{"line":1,"column":31}},"1":{"start":{"line":3,"column":20},"end":{"line":13,"column":1}},"2":{"start":{"line":10,"column":2},"end":{"line":12,"column":5}},"3":{"start":{"line":15,"column":20},"end":{"line":19,"column":1}},"4":{"start":{"line":18,"column":2},"end":{"line":18,"column":35}},"5":{"start":{"line":21,"column":18},"end":{"line":21,"column":46}},"6":{"start":{"line":23,"column":0},"end":{"line":23,"column":25}}},"fnMap":{"0":{"name":"(anonymous_1)","decl":{"start":{"line":3,"column":20},"end":{"line":3,"column":null}},"loc":{"start":{"line":7,"column":4},"end":{"line":13,"column":1}}},"1":{"name":"(anonymous_2)","decl":{"start":{"line":15,"column":20},"end":{"line":15,"column":21}},"loc":{"start":{"line":15,"column":54},"end":{"line":19,"column":1}}}},"branchMap":{},"s":{"0":0,"1":0,"2":0,"3":0,"4":0,"5":0,"6":0},"f":{"0":0,"1":0},"b":{}}
,"E:\\Software Verification and Testing\\backend\\src\\app\\modules\\Auth\\auth.validation.ts": {"path":"E:\\Software Verification and Testing\\backend\\src\\app\\modules\\Auth\\auth.validation.ts","statementMap":{"0":{"start":{"line":1,"column":0},"end":{"line":1,"column":24}},"1":{"start":{"line":3,"column":20},"end":{"line":16,"column":2}},"2":{"start":{"line":18,"column":23},"end":{"line":40,"column":2}},"3":{"start":{"line":42,"column":23},"end":{"line":42,"column":54}},"4":{"start":{"line":44,"column":0},"end":{"line":44,"column":30}}},"fnMap":{},"branchMap":{},"s":{"0":0,"1":0,"2":0,"3":0,"4":0},"f":{},"b":{}}
,"E:\\Software Verification and Testing\\backend\\src\\app\\modules\\Client\\client.controller.ts": {"path":"E:\\Software Verification and Testing\\backend\\src\\app\\modules\\Client\\client.controller.ts","statementMap":{"0":{"start":{"line":1,"column":0},"end":{"line":1,"column":44}},"1":{"start":{"line":2,"column":0},"end":{"line":2,"column":48}},"2":{"start":{"line":3,"column":0},"end":{"line":3,"column":52}},"3":{"start":{"line":5,"column":0},"end":{"line":5,"column":49}},"4":{"start":{"line":7,"column":21},"end":{"line":15,"column":2}},"5":{"start":{"line":7,"column":70},"end":{"line":15,"column":2}},"6":{"start":{"line":8,"column":17},"end":{"line":8,"column":59}},"7":{"start":{"line":9,"column":2},"end":{"line":14,"column":5}},"8":{"start":{"line":17,"column":22},"end":{"line":26,"column":2}},"9":{"start":{"line":17,"column":71},"end":{"line":26,"column":2}},"10":{"start":{"line":18,"column":16},"end":{"line":18,"column":25}},"11":{"start":{"line":19,"column":17},"end":{"line":19,"column":57}},"12":{"start":{"line":20,"column":2},"end":{"line":25,"column":5}},"13":{"start":{"line":28,"column":21},"end":{"line":39,"column":2}},"14":{"start":{"line":28,"column":70},"end":{"line":39,"column":2}},"15":{"start":{"line":29,"column":17},"end":{"line":29,"column":27}},"16":{"start":{"line":30,"column":21},"end":{"line":30,"column":29}},"17":{"start":{"line":31,"column":17},"end":{"line":31,"column":69}},"18":{"start":{"line":33,"column":2},"end":{"line":38,"column":5}},"19":{"start":{"line":41,"column":21},"end":{"line":52,"column":2}},"20":{"start":{"line":41,"column":70},"end":{"line":52,"column":2}},"21":{"start":{"line":42,"column":17},"end":{"line":42,"column":27}},"22":{"start":{"line":44,"column":17},"end":{"line":44,"column":57}},"23":{"start":{"line":46,"column":2},"end":{"line":51,"column":5}},"24":{"start":{"line":54,"column":13},"end":{"line":59,"column":2}}},"fnMap":{"0":{"name":"(anonymous_8)","decl":{"start":{"line":7,"column":32},"end":{"line":7,"column":39}},"loc":{"start":{"line":7,"column":70},"end":{"line":15,"column":2}}},"1":{"name":"(anonymous_9)","decl":{"start":{"line":7,"column":70},"end":{"line":7,"column":null}},"loc":{"start":{"line":7,"column":70},"end":{"line":15,"column":1}}},"2":{"name":"(anonymous_10)","decl":{"start":{"line":17,"column":33},"end":{"line":17,"column":40}},"loc":{"start":{"line":17,"column":71},"end":{"line":26,"column":2}}},"3":{"name":"(anonymous_11)","decl":{"start":{"line":17,"column":71},"end":{"line":17,"column":null}},"loc":{"start":{"line":17,"column":71},"end":{"line":26,"column":1}}},"4":{"name":"(anonymous_12)","decl":{"start":{"line":28,"column":32},"end":{"line":28,"column":39}},"loc":{"start":{"line":28,"column":70},"end":{"line":39,"column":2}}},"5":{"name":"(anonymous_13)","decl":{"start":{"line":28,"column":70},"end":{"line":28,"column":null}},"loc":{"start":{"line":28,"column":70},"end":{"line":39,"column":1}}},"6":{"name":"(anonymous_14)","decl":{"start":{"line":41,"column":32},"end":{"line":41,"column":39}},"loc":{"start":{"line":41,"column":70},"end":{"line":52,"column":2}}},"7":{"name":"(anonymous_15)","decl":{"start":{"line":41,"column":70},"end":{"line":41,"column":null}},"loc":{"start":{"line":41,"column":70},"end":{"line":52,"column":1}}}},"branchMap":{},"s":{"0":0,"1":0,"2":0,"3":0,"4":0,"5":0,"6":0,"7":0,"8":0,"9":0,"10":0,"11":0,"12":0,"13":0,"14":0,"15":0,"16":0,"17":0,"18":0,"19":0,"20":0,"21":0,"22":0,"23":0,"24":0},"f":{"0":0,"1":0,"2":0,"3":0,"4":0,"5":0,"6":0,"7":0},"b":{}}
,"E:\\Software Verification and Testing\\backend\\src\\app\\modules\\Client\\client.model.ts": {"path":"E:\\Software Verification and Testing\\backend\\src\\app\\modules\\Client\\client.model.ts","statementMap":{"0":{"start":{"line":1,"column":0},"end":{"line":1,"column":51}},"1":{"start":{"line":4,"column":21},"end":{"line":27,"column":2}},"2":{"start":{"line":29,"column":13},"end":{"line":29,"column":72}}},"fnMap":{},"branchMap":{},"s":{"0":2,"1":2,"2":2},"f":{},"b":{}}
,"E:\\Software Verification and Testing\\backend\\src\\app\\modules\\Client\\client.route.ts": {"path":"E:\\Software Verification and Testing\\backend\\src\\app\\modules\\Client\\client.route.ts","statementMap":{"0":{"start":{"line":1,"column":0},"end":{"line":1,"column":30}},"1":{"start":{"line":2,"column":0},"end":{"line":2,"column":55}},"2":{"start":{"line":3,"column":0},"end":{"line":3,"column":42}},"3":{"start":{"line":4,"column":0},"end":{"line":4,"column":50}},"4":{"start":{"line":8,"column":15},"end":{"line":8,"column":31}},"5":{"start":{"line":10,"column":0},"end":{"line":10,"column":77}},"6":{"start":{"line":11,"column":0},"end":{"line":11,"column":77}},"7":{"start":{"line":12,"column":0},"end":{"line":16,"column":2}},"8":{"start":{"line":17,"column":0},"end":{"line":21,"column":2}},"9":{"start":{"line":23,"column":13},"end":{"line":23,"column":35}}},"fnMap":{},"branchMap":{},"s":{"0":0,"1":0,"2":0,"3":0,"4":0,"5":0,"6":0,"7":0,"8":0,"9":0},"f":{},"b":{}}
,"E:\\Software Verification and Testing\\backend\\src\\app\\modules\\Client\\client.service.ts": {"path":"E:\\Software Verification and Testing\\backend\\src\\app\\modules\\Client\\client.service.ts","statementMap":{"0":{"start":{"line":2,"column":0},"end":{"line":2,"column":40}},"1":{"start":{"line":4,"column":21},"end":{"line":7,"column":2}},"2":{"start":{"line":4,"column":51},"end":{"line":7,"column":2}},"3":{"start":{"line":5,"column":17},"end":{"line":5,"column":48}},"4":{"start":{"line":6,"column":2},"end":{"line":6,"column":16}},"5":{"start":{"line":9,"column":22},"end":{"line":14,"column":2}},"6":{"start":{"line":9,"column":43},"end":{"line":14,"column":2}},"7":{"start":{"line":10,"column":24},"end":{"line":10,"column":29}},"8":{"start":{"line":11,"column":17},"end":{"line":11,"column":47}},"9":{"start":{"line":12,"column":17},"end":{"line":12,"column":42}},"10":{"start":{"line":13,"column":2},"end":{"line":13,"column":16}},"11":{"start":{"line":16,"column":25},"end":{"line":19,"column":2}},"12":{"start":{"line":16,"column":46},"end":{"line":19,"column":2}},"13":{"start":{"line":17,"column":17},"end":{"line":17,"column":51}},"14":{"start":{"line":18,"column":2},"end":{"line":18,"column":16}},"15":{"start":{"line":21,"column":25},"end":{"line":24,"column":2}},"16":{"start":{"line":21,"column":76},"end":{"line":24,"column":2}},"17":{"start":{"line":22,"column":17},"end":{"line":22,"column":78}},"18":{"start":{"line":23,"column":2},"end":{"line":23,"column":16}},"19":{"start":{"line":26,"column":13},"end":{"line":31,"column":2}}},"fnMap":{"0":{"name":"(anonymous_7)","decl":{"start":{"line":4,"column":21},"end":{"line":4,"column":28}},"loc":{"start":{"line":4,"column":51},"end":{"line":7,"column":2}}},"1":{"name":"(anonymous_8)","decl":{"start":{"line":4,"column":51},"end":{"line":4,"column":null}},"loc":{"start":{"line":4,"column":51},"end":{"line":7,"column":1}}},"2":{"name":"(anonymous_9)","decl":{"start":{"line":9,"column":22},"end":{"line":9,"column":29}},"loc":{"start":{"line":9,"column":43},"end":{"line":14,"column":2}}},"3":{"name":"(anonymous_10)","decl":{"start":{"line":9,"column":43},"end":{"line":9,"column":null}},"loc":{"start":{"line":9,"column":43},"end":{"line":14,"column":1}}},"4":{"name":"(anonymous_11)","decl":{"start":{"line":16,"column":25},"end":{"line":16,"column":32}},"loc":{"start":{"line":16,"column":46},"end":{"line":19,"column":2}}},"5":{"name":"(anonymous_12)","decl":{"start":{"line":16,"column":46},"end":{"line":16,"column":null}},"loc":{"start":{"line":16,"column":46},"end":{"line":19,"column":1}}},"6":{"name":"(anonymous_13)","decl":{"start":{"line":21,"column":25},"end":{"line":21,"column":32}},"loc":{"start":{"line":21,"column":76},"end":{"line":24,"column":2}}},"7":{"name":"(anonymous_14)","decl":{"start":{"line":21,"column":76},"end":{"line":21,"column":null}},"loc":{"start":{"line":21,"column":76},"end":{"line":24,"column":1}}}},"branchMap":{"0":{"loc":{"start":{"line":11,"column":17},"end":{"line":11,"column":47}},"type":"cond-expr","locations":[{"start":{"line":11,"column":29},"end":{"line":11,"column":42}},{"start":{"line":11,"column":45},"end":{"line":11,"column":47}}]}},"s":{"0":0,"1":0,"2":0,"3":0,"4":0,"5":0,"6":0,"7":0,"8":0,"9":0,"10":0,"11":0,"12":0,"13":0,"14":0,"15":0,"16":0,"17":0,"18":0,"19":0},"f":{"0":0,"1":0,"2":0,"3":0,"4":0,"5":0,"6":0,"7":0},"b":{"0":[0,0]}}
,"E:\\Software Verification and Testing\\backend\\src\\app\\modules\\Logs\\logs.controller.ts": {"path":"E:\\Software Verification and Testing\\backend\\src\\app\\modules\\Logs\\logs.controller.ts","statementMap":{"0":{"start":{"line":1,"column":0},"end":{"line":1,"column":44}},"1":{"start":{"line":2,"column":0},"end":{"line":2,"column":52}},"2":{"start":{"line":3,"column":0},"end":{"line":3,"column":45}},"3":{"start":{"line":5,"column":0},"end":{"line":5,"column":48}},"4":{"start":{"line":7,"column":16},"end":{"line":15,"column":2}},"5":{"start":{"line":7,"column":65},"end":{"line":15,"column":2}},"6":{"start":{"line":8,"column":17},"end":{"line":8,"column":52}},"7":{"start":{"line":9,"column":2},"end":{"line":14,"column":5}},"8":{"start":{"line":17,"column":19},"end":{"line":26,"column":2}},"9":{"start":{"line":17,"column":68},"end":{"line":26,"column":2}},"10":{"start":{"line":18,"column":16},"end":{"line":18,"column":25}},"11":{"start":{"line":19,"column":17},"end":{"line":19,"column":52}},"12":{"start":{"line":20,"column":2},"end":{"line":25,"column":5}},"13":{"start":{"line":28,"column":13},"end":{"line":28,"column":54}}},"fnMap":{"0":{"name":"(anonymous_8)","decl":{"start":{"line":7,"column":27},"end":{"line":7,"column":34}},"loc":{"start":{"line":7,"column":65},"end":{"line":15,"column":2}}},"1":{"name":"(anonymous_9)","decl":{"start":{"line":7,"column":65},"end":{"line":7,"column":null}},"loc":{"start":{"line":7,"column":65},"end":{"line":15,"column":1}}},"2":{"name":"(anonymous_10)","decl":{"start":{"line":17,"column":30},"end":{"line":17,"column":37}},"loc":{"start":{"line":17,"column":68},"end":{"line":26,"column":2}}},"3":{"name":"(anonymous_11)","decl":{"start":{"line":17,"column":68},"end":{"line":17,"column":null}},"loc":{"start":{"line":17,"column":68},"end":{"line":26,"column":1}}}},"branchMap":{},"s":{"0":0,"1":0,"2":0,"3":0,"4":0,"5":0,"6":0,"7":0,"8":0,"9":0,"10":0,"11":0,"12":0,"13":0},"f":{"0":0,"1":0,"2":0,"3":0},"b":{}}
,"E:\\Software Verification and Testing\\backend\\src\\app\\modules\\Logs\\logs.model.ts": {"path":"E:\\Software Verification and Testing\\backend\\src\\app\\modules\\Logs\\logs.model.ts","statementMap":{"0":{"start":{"line":1,"column":0},"end":{"line":1,"column":44}},"1":{"start":{"line":4,"column":29},"end":{"line":27,"column":2}},"2":{"start":{"line":29,"column":13},"end":{"line":32,"column":2}}},"fnMap":{},"branchMap":{},"s":{"0":0,"1":0,"2":0},"f":{},"b":{}}
,"E:\\Software Verification and Testing\\backend\\src\\app\\modules\\Logs\\logs.route.ts": {"path":"E:\\Software Verification and Testing\\backend\\src\\app\\modules\\Logs\\logs.route.ts","statementMap":{"0":{"start":{"line":1,"column":0},"end":{"line":1,"column":30}},"1":{"start":{"line":2,"column":0},"end":{"line":2,"column":51}},"2":{"start":{"line":3,"column":0},"end":{"line":3,"column":50}},"3":{"start":{"line":4,"column":0},"end":{"line":4,"column":42}},"4":{"start":{"line":6,"column":15},"end":{"line":6,"column":31}},"5":{"start":{"line":8,"column":0},"end":{"line":8,"column":67}},"6":{"start":{"line":10,"column":0},"end":{"line":10,"column":69}},"7":{"start":{"line":12,"column":13},"end":{"line":12,"column":33}}},"fnMap":{},"branchMap":{},"s":{"0":0,"1":0,"2":0,"3":0,"4":0,"5":0,"6":0,"7":0},"f":{},"b":{}}
,"E:\\Software Verification and Testing\\backend\\src\\app\\modules\\Logs\\logs.service.ts": {"path":"E:\\Software Verification and Testing\\backend\\src\\app\\modules\\Logs\\logs.service.ts","statementMap":{"0":{"start":{"line":1,"column":0},"end":{"line":1,"column":44}},"1":{"start":{"line":2,"column":0},"end":{"line":2,"column":45}},"2":{"start":{"line":3,"column":0},"end":{"line":3,"column":46}},"3":{"start":{"line":4,"column":0},"end":{"line":4,"column":48}},"4":{"start":{"line":6,"column":0},"end":{"line":6,"column":51}},"5":{"start":{"line":8,"column":16},"end":{"line":19,"column":2}},"6":{"start":{"line":8,"column":59},"end":{"line":19,"column":2}},"7":{"start":{"line":9,"column":17},"end":{"line":9,"column":64}},"8":{"start":{"line":10,"column":2},"end":{"line":12,"column":3}},"9":{"start":{"line":11,"column":4},"end":{"line":11,"column":65}},"10":{"start":{"line":13,"column":18},"end":{"line":13,"column":67}},"11":{"start":{"line":14,"column":2},"end":{"line":16,"column":3}},"12":{"start":{"line":15,"column":4},"end":{"line":15,"column":66}},"13":{"start":{"line":17,"column":15},"end":{"line":17,"column":59}},"14":{"start":{"line":18,"column":2},"end":{"line":18,"column":14}},"15":{"start":{"line":21,"column":19},"end":{"line":28,"column":2}},"16":{"start":{"line":21,"column":40},"end":{"line":28,"column":2}},"17":{"start":{"line":22,"column":24},"end":{"line":22,"column":29}},"18":{"start":{"line":23,"column":17},"end":{"line":23,"column":47}},"19":{"start":{"line":24,"column":17},"end":{"line":26,"column":26}},"20":{"start":{"line":27,"column":2},"end":{"line":27,"column":16}},"21":{"start":{"line":30,"column":13},"end":{"line":30,"column":51}}},"fnMap":{"0":{"name":"(anonymous_8)","decl":{"start":{"line":8,"column":16},"end":{"line":8,"column":23}},"loc":{"start":{"line":8,"column":59},"end":{"line":19,"column":2}}},"1":{"name":"(anonymous_9)","decl":{"start":{"line":8,"column":59},"end":{"line":8,"column":null}},"loc":{"start":{"line":8,"column":59},"end":{"line":19,"column":1}}},"2":{"name":"(anonymous_10)","decl":{"start":{"line":21,"column":19},"end":{"line":21,"column":26}},"loc":{"start":{"line":21,"column":40},"end":{"line":28,"column":2}}},"3":{"name":"(anonymous_11)","decl":{"start":{"line":21,"column":40},"end":{"line":21,"column":null}},"loc":{"start":{"line":21,"column":40},"end":{"line":28,"column":1}}}},"branchMap":{"0":{"loc":{"start":{"line":10,"column":2},"end":{"line":12,"column":3}},"type":"if","locations":[{"start":{"line":10,"column":2},"end":{"line":12,"column":3}},{"start":{},"end":{}}]},"1":{"loc":{"start":{"line":14,"column":2},"end":{"line":16,"column":3}},"type":"if","locations":[{"start":{"line":14,"column":2},"end":{"line":16,"column":3}},{"start":{},"end":{}}]},"2":{"loc":{"start":{"line":23,"column":17},"end":{"line":23,"column":47}},"type":"cond-expr","locations":[{"start":{"line":23,"column":29},"end":{"line":23,"column":42}},{"start":{"line":23,"column":45},"end":{"line":23,"column":47}}]}},"s":{"0":0,"1":0,"2":0,"3":0,"4":0,"5":0,"6":0,"7":0,"8":0,"9":0,"10":0,"11":0,"12":0,"13":0,"14":0,"15":0,"16":0,"17":0,"18":0,"19":0,"20":0,"21":0},"f":{"0":0,"1":0,"2":0,"3":0},"b":{"0":[0,0],"1":[0,0],"2":[0,0]}}
,"E:\\Software Verification and Testing\\backend\\src\\app\\modules\\Project\\project.controller.ts": {"path":"E:\\Software Verification and Testing\\backend\\src\\app\\modules\\Project\\project.controller.ts","statementMap":{"0":{"start":{"line":2,"column":0},"end":{"line":2,"column":51}},"1":{"start":{"line":3,"column":0},"end":{"line":3,"column":44}},"2":{"start":{"line":4,"column":0},"end":{"line":4,"column":52}},"3":{"start":{"line":5,"column":0},"end":{"line":5,"column":48}},"4":{"start":{"line":7,"column":27},"end":{"line":15,"column":2}},"5":{"start":{"line":7,"column":76},"end":{"line":15,"column":2}},"6":{"start":{"line":8,"column":17},"end":{"line":8,"column":66}},"7":{"start":{"line":9,"column":2},"end":{"line":14,"column":5}},"8":{"start":{"line":17,"column":23},"end":{"line":26,"column":2}},"9":{"start":{"line":17,"column":72},"end":{"line":26,"column":2}},"10":{"start":{"line":18,"column":16},"end":{"line":18,"column":25}},"11":{"start":{"line":19,"column":17},"end":{"line":19,"column":59}},"12":{"start":{"line":20,"column":2},"end":{"line":25,"column":5}},"13":{"start":{"line":28,"column":22},"end":{"line":39,"column":2}},"14":{"start":{"line":28,"column":71},"end":{"line":39,"column":2}},"15":{"start":{"line":29,"column":17},"end":{"line":29,"column":27}},"16":{"start":{"line":30,"column":21},"end":{"line":30,"column":29}},"17":{"start":{"line":31,"column":17},"end":{"line":31,"column":71}},"18":{"start":{"line":33,"column":2},"end":{"line":38,"column":5}},"19":{"start":{"line":41,"column":26},"end":{"line":52,"column":2}},"20":{"start":{"line":41,"column":75},"end":{"line":52,"column":2}},"21":{"start":{"line":42,"column":17},"end":{"line":42,"column":27}},"22":{"start":{"line":44,"column":17},"end":{"line":44,"column":59}},"23":{"start":{"line":46,"column":2},"end":{"line":51,"column":5}},"24":{"start":{"line":54,"column":13},"end":{"line":59,"column":2}}},"fnMap":{"0":{"name":"(anonymous_8)","decl":{"start":{"line":7,"column":38},"end":{"line":7,"column":45}},"loc":{"start":{"line":7,"column":76},"end":{"line":15,"column":2}}},"1":{"name":"(anonymous_9)","decl":{"start":{"line":7,"column":76},"end":{"line":7,"column":null}},"loc":{"start":{"line":7,"column":76},"end":{"line":15,"column":1}}},"2":{"name":"(anonymous_10)","decl":{"start":{"line":17,"column":34},"end":{"line":17,"column":41}},"loc":{"start":{"line":17,"column":72},"end":{"line":26,"column":2}}},"3":{"name":"(anonymous_11)","decl":{"start":{"line":17,"column":72},"end":{"line":17,"column":null}},"loc":{"start":{"line":17,"column":72},"end":{"line":26,"column":1}}},"4":{"name":"(anonymous_12)","decl":{"start":{"line":28,"column":33},"end":{"line":28,"column":40}},"loc":{"start":{"line":28,"column":71},"end":{"line":39,"column":2}}},"5":{"name":"(anonymous_13)","decl":{"start":{"line":28,"column":71},"end":{"line":28,"column":null}},"loc":{"start":{"line":28,"column":71},"end":{"line":39,"column":1}}},"6":{"name":"(anonymous_14)","decl":{"start":{"line":41,"column":37},"end":{"line":41,"column":44}},"loc":{"start":{"line":41,"column":75},"end":{"line":52,"column":2}}},"7":{"name":"(anonymous_15)","decl":{"start":{"line":41,"column":75},"end":{"line":41,"column":null}},"loc":{"start":{"line":41,"column":75},"end":{"line":52,"column":1}}}},"branchMap":{},"s":{"0":0,"1":0,"2":0,"3":0,"4":0,"5":0,"6":0,"7":0,"8":0,"9":0,"10":0,"11":0,"12":0,"13":0,"14":0,"15":0,"16":0,"17":0,"18":0,"19":0,"20":0,"21":0,"22":0,"23":0,"24":0},"f":{"0":0,"1":0,"2":0,"3":0,"4":0,"5":0,"6":0,"7":0},"b":{}}
,"E:\\Software Verification and Testing\\backend\\src\\app\\modules\\Project\\project.model.ts": {"path":"E:\\Software Verification and Testing\\backend\\src\\app\\modules\\Project\\project.model.ts","statementMap":{"0":{"start":{"line":1,"column":0},"end":{"line":1,"column":61}},"1":{"start":{"line":4,"column":22},"end":{"line":34,"column":2}},"2":{"start":{"line":36,"column":13},"end":{"line":39,"column":2}}},"fnMap":{},"branchMap":{},"s":{"0":2,"1":2,"2":2},"f":{},"b":{}}
,"E:\\Software Verification and Testing\\backend\\src\\app\\modules\\Project\\project.route.ts": {"path":"E:\\Software Verification and Testing\\backend\\src\\app\\modules\\Project\\project.route.ts","statementMap":{"0":{"start":{"line":1,"column":0},"end":{"line":1,"column":30}},"1":{"start":{"line":2,"column":0},"end":{"line":2,"column":57}},"2":{"start":{"line":3,"column":0},"end":{"line":3,"column":50}},"3":{"start":{"line":4,"column":0},"end":{"line":4,"column":42}},"4":{"start":{"line":6,"column":15},"end":{"line":6,"column":31}},"5":{"start":{"line":8,"column":0},"end":{"line":12,"column":2}},"6":{"start":{"line":13,"column":0},"end":{"line":13,"column":80}},"7":{"start":{"line":14,"column":0},"end":{"line":18,"column":2}},"8":{"start":{"line":19,"column":0},"end":{"line":23,"column":2}},"9":{"start":{"line":25,"column":13},"end":{"line":25,"column":36}}},"fnMap":{},"branchMap":{},"s":{"0":1,"1":1,"2":1,"3":1,"4":1,"5":1,"6":1,"7":1,"8":1,"9":1},"f":{},"b":{}}
,"E:\\Software Verification and Testing\\backend\\src\\app\\modules\\Project\\project.service.ts": {"path":"E:\\Software Verification and Testing\\backend\\src\\app\\modules\\Project\\project.service.ts","statementMap":{"0":{"start":{"line":1,"column":0},"end":{"line":1,"column":42}},"1":{"start":{"line":3,"column":0},"end":{"line":3,"column":48}},"2":{"start":{"line":4,"column":0},"end":{"line":4,"column":45}},"3":{"start":{"line":5,"column":0},"end":{"line":5,"column":44}},"4":{"start":{"line":7,"column":27},"end":{"line":14,"column":2}},"5":{"start":{"line":7,"column":59},"end":{"line":14,"column":2}},"6":{"start":{"line":8,"column":17},"end":{"line":8,"column":60}},"7":{"start":{"line":9,"column":2},"end":{"line":11,"column":3}},"8":{"start":{"line":10,"column":4},"end":{"line":10,"column":65}},"9":{"start":{"line":12,"column":18},"end":{"line":12,"column":51}},"10":{"start":{"line":13,"column":2},"end":{"line":13,"column":17}},"11":{"start":{"line":16,"column":23},"end":{"line":21,"column":2}},"12":{"start":{"line":16,"column":44},"end":{"line":21,"column":2}},"13":{"start":{"line":17,"column":24},"end":{"line":17,"column":29}},"14":{"start":{"line":18,"column":17},"end":{"line":18,"column":47}},"15":{"start":{"line":19,"column":19},"end":{"line":19,"column":66}},"16":{"start":{"line":20,"column":2},"end":{"line":20,"column":18}},"17":{"start":{"line":23,"column":26},"end":{"line":26,"column":2}},"18":{"start":{"line":23,"column":78},"end":{"line":26,"column":2}},"19":{"start":{"line":24,"column":17},"end":{"line":24,"column":79}},"20":{"start":{"line":25,"column":2},"end":{"line":25,"column":16}},"21":{"start":{"line":28,"column":26},"end":{"line":31,"column":2}},"22":{"start":{"line":28,"column":47},"end":{"line":31,"column":2}},"23":{"start":{"line":29,"column":17},"end":{"line":29,"column":52}},"24":{"start":{"line":30,"column":2},"end":{"line":30,"column":16}},"25":{"start":{"line":33,"column":13},"end":{"line":38,"column":2}}},"fnMap":{"0":{"name":"(anonymous_8)","decl":{"start":{"line":7,"column":27},"end":{"line":7,"column":34}},"loc":{"start":{"line":7,"column":59},"end":{"line":14,"column":2}}},"1":{"name":"(anonymous_9)","decl":{"start":{"line":7,"column":59},"end":{"line":7,"column":null}},"loc":{"start":{"line":7,"column":59},"end":{"line":14,"column":1}}},"2":{"name":"(anonymous_10)","decl":{"start":{"line":16,"column":23},"end":{"line":16,"column":30}},"loc":{"start":{"line":16,"column":44},"end":{"line":21,"column":2}}},"3":{"name":"(anonymous_11)","decl":{"start":{"line":16,"column":44},"end":{"line":16,"column":null}},"loc":{"start":{"line":16,"column":44},"end":{"line":21,"column":1}}},"4":{"name":"(anonymous_12)","decl":{"start":{"line":23,"column":26},"end":{"line":23,"column":33}},"loc":{"start":{"line":23,"column":78},"end":{"line":26,"column":2}}},"5":{"name":"(anonymous_13)","decl":{"start":{"line":23,"column":78},"end":{"line":23,"column":null}},"loc":{"start":{"line":23,"column":78},"end":{"line":26,"column":1}}},"6":{"name":"(anonymous_14)","decl":{"start":{"line":28,"column":26},"end":{"line":28,"column":33}},"loc":{"start":{"line":28,"column":47},"end":{"line":31,"column":2}}},"7":{"name":"(anonymous_15)","decl":{"start":{"line":28,"column":47},"end":{"line":28,"column":null}},"loc":{"start":{"line":28,"column":47},"end":{"line":31,"column":1}}}},"branchMap":{"0":{"loc":{"start":{"line":9,"column":2},"end":{"line":11,"column":3}},"type":"if","locations":[{"start":{"line":9,"column":2},"end":{"line":11,"column":3}},{"start":{},"end":{}}]},"1":{"loc":{"start":{"line":18,"column":17},"end":{"line":18,"column":47}},"type":"cond-expr","locations":[{"start":{"line":18,"column":29},"end":{"line":18,"column":42}},{"start":{"line":18,"column":45},"end":{"line":18,"column":47}}]}},"s":{"0":1,"1":1,"2":1,"3":1,"4":1,"5":9,"6":9,"7":9,"8":2,"9":7,"10":7,"11":1,"12":3,"13":3,"14":3,"15":3,"16":3,"17":1,"18":1,"19":1,"20":1,"21":1,"22":1,"23":1,"24":1,"25":1},"f":{"0":9,"1":9,"2":3,"3":3,"4":1,"5":1,"6":1,"7":1},"b":{"0":[2,7],"1":[1,2]}}
,"E:\\Software Verification and Testing\\backend\\src\\app\\modules\\User\\user.constant.ts": {"path":"E:\\Software Verification and Testing\\backend\\src\\app\\modules\\User\\user.constant.ts","statementMap":{"0":{"start":{"line":1,"column":13},"end":{"line":4,"column":11}}},"fnMap":{},"branchMap":{},"s":{"0":2},"f":{},"b":{}}
,"E:\\Software Verification and Testing\\backend\\src\\app\\modules\\User\\user.controller.ts": {"path":"E:\\Software Verification and Testing\\backend\\src\\app\\modules\\User\\user.controller.ts","statementMap":{"0":{"start":{"line":2,"column":0},"end":{"line":2,"column":48}},"1":{"start":{"line":3,"column":0},"end":{"line":3,"column":52}},"2":{"start":{"line":4,"column":0},"end":{"line":4,"column":44}},"3":{"start":{"line":5,"column":0},"end":{"line":5,"column":46}},"4":{"start":{"line":7,"column":19},"end":{"line":15,"column":2}},"5":{"start":{"line":7,"column":68},"end":{"line":15,"column":2}},"6":{"start":{"line":8,"column":17},"end":{"line":8,"column":62}},"7":{"start":{"line":9,"column":2},"end":{"line":14,"column":5}},"8":{"start":{"line":17,"column":36},"end":{"line":25,"column":2}},"9":{"start":{"line":17,"column":66},"end":{"line":25,"column":2}},"10":{"start":{"line":18,"column":17},"end":{"line":18,"column":54}},"11":{"start":{"line":19,"column":2},"end":{"line":24,"column":5}},"12":{"start":{"line":27,"column":41},"end":{"line":39,"column":2}},"13":{"start":{"line":27,"column":71},"end":{"line":39,"column":2}},"14":{"start":{"line":28,"column":13},"end":{"line":28,"column":30}},"15":{"start":{"line":31,"column":2},"end":{"line":31,"column":50}},"16":{"start":{"line":33,"column":2},"end":{"line":38,"column":5}},"17":{"start":{"line":41,"column":13},"end":{"line":45,"column":2}}},"fnMap":{"0":{"name":"(anonymous_8)","decl":{"start":{"line":7,"column":30},"end":{"line":7,"column":37}},"loc":{"start":{"line":7,"column":68},"end":{"line":15,"column":2}}},"1":{"name":"(anonymous_9)","decl":{"start":{"line":7,"column":68},"end":{"line":7,"column":null}},"loc":{"start":{"line":7,"column":68},"end":{"line":15,"column":1}}},"2":{"name":"(anonymous_10)","decl":{"start":{"line":17,"column":47},"end":{"line":17,"column":54}},"loc":{"start":{"line":17,"column":66},"end":{"line":25,"column":2}}},"3":{"name":"(anonymous_11)","decl":{"start":{"line":17,"column":66},"end":{"line":17,"column":null}},"loc":{"start":{"line":17,"column":66},"end":{"line":25,"column":1}}},"4":{"name":"(anonymous_12)","decl":{"start":{"line":27,"column":52},"end":{"line":27,"column":59}},"loc":{"start":{"line":27,"column":71},"end":{"line":39,"column":2}}},"5":{"name":"(anonymous_13)","decl":{"start":{"line":27,"column":71},"end":{"line":27,"column":null}},"loc":{"start":{"line":27,"column":71},"end":{"line":39,"column":1}}}},"branchMap":{},"s":{"0":1,"1":1,"2":1,"3":1,"4":1,"5":1,"6":1,"7":1,"8":1,"9":1,"10":1,"11":1,"12":1,"13":1,"14":1,"15":1,"16":1,"17":1},"f":{"0":1,"1":1,"2":1,"3":1,"4":1,"5":1},"b":{}}
,"E:\\Software Verification and Testing\\backend\\src\\app\\modules\\User\\user.model.ts": {"path":"E:\\Software Verification and Testing\\backend\\src\\app\\modules\\User\\user.model.ts","statementMap":{"0":{"start":{"line":1,"column":0},"end":{"line":1,"column":41}},"1":{"start":{"line":3,"column":0},"end":{"line":3,"column":34}},"2":{"start":{"line":4,"column":0},"end":{"line":4,"column":28}},"3":{"start":{"line":6,"column":19},"end":{"line":33,"column":null}},"4":{"start":{"line":36,"column":0},"end":{"line":44,"column":3}},"5":{"start":{"line":37,"column":15},"end":{"line":37,"column":19}},"6":{"start":{"line":39,"column":2},"end":{"line":42,"column":4}},"7":{"start":{"line":43,"column":2},"end":{"line":43,"column":9}},"8":{"start":{"line":47,"column":0},"end":{"line":50,"column":3}},"9":{"start":{"line":48,"column":2},"end":{"line":48,"column":20}},"10":{"start":{"line":49,"column":2},"end":{"line":49,"column":9}},"11":{"start":{"line":52,"column":0},"end":{"line":57,"column":2}},"12":{"start":{"line":56,"column":2},"end":{"line":56,"column":65}},"13":{"start":{"line":59,"column":0},"end":{"line":62,"column":2}},"14":{"start":{"line":60,"column":15},"end":{"line":60,"column":72}},"15":{"start":{"line":61,"column":2},"end":{"line":61,"column":14}},"16":{"start":{"line":64,"column":0},"end":{"line":69,"column":2}},"17":{"start":{"line":67,"column":15},"end":{"line":67,"column":64}},"18":{"start":{"line":68,"column":2},"end":{"line":68,"column":14}},"19":{"start":{"line":71,"column":13},"end":{"line":71,"column":64}}},"fnMap":{"0":{"name":"(anonymous_8)","decl":{"start":{"line":36,"column":23},"end":{"line":36,"column":39}},"loc":{"start":{"line":36,"column":43},"end":{"line":44,"column":2}}},"1":{"name":"(anonymous_10)","decl":{"start":{"line":47,"column":24},"end":{"line":47,"column":34}},"loc":{"start":{"line":47,"column":43},"end":{"line":50,"column":1}}},"2":{"name":"(anonymous_11)","decl":{"start":{"line":52,"column":39},"end":{"line":52,"column":null}},"loc":{"start":{"line":54,"column":16},"end":{"line":57,"column":2}}},"3":{"name":"(anonymous_13)","decl":{"start":{"line":59,"column":35},"end":{"line":59,"column":51}},"loc":{"start":{"line":59,"column":68},"end":{"line":62,"column":2}}},"4":{"name":"(anonymous_15)","decl":{"start":{"line":64,"column":40},"end":{"line":64,"column":null}},"loc":{"start":{"line":65,"column":15},"end":{"line":69,"column":2}}}},"branchMap":{},"s":{"0":3,"1":3,"2":3,"3":3,"4":3,"5":19,"6":19,"7":19,"8":3,"9":19,"10":19,"11":3,"12":2,"13":3,"14":2,"15":2,"16":3,"17":2,"18":2,"19":3},"f":{"0":19,"1":19,"2":2,"3":2,"4":2},"b":{}}
,"E:\\Software Verification and Testing\\backend\\src\\app\\modules\\User\\user.route.ts": {"path":"E:\\Software Verification and Testing\\backend\\src\\app\\modules\\User\\user.route.ts","statementMap":{"0":{"start":{"line":1,"column":0},"end":{"line":1,"column":33}},"1":{"start":{"line":2,"column":0},"end":{"line":2,"column":42}},"2":{"start":{"line":3,"column":0},"end":{"line":3,"column":44}},"3":{"start":{"line":4,"column":0},"end":{"line":4,"column":51}},"4":{"start":{"line":6,"column":15},"end":{"line":6,"column":23}},"5":{"start":{"line":8,"column":0},"end":{"line":13,"column":2}},"6":{"start":{"line":15,"column":0},"end":{"line":15,"column":67}},"7":{"start":{"line":17,"column":13},"end":{"line":17,"column":33}}},"fnMap":{},"branchMap":{},"s":{"0":1,"1":1,"2":1,"3":1,"4":1,"5":1,"6":1,"7":1},"f":{},"b":{}}
,"E:\\Software Verification and Testing\\backend\\src\\app\\modules\\User\\user.service.ts": {"path":"E:\\Software Verification and Testing\\backend\\src\\app\\modules\\User\\user.service.ts","statementMap":{"0":{"start":{"line":2,"column":0},"end":{"line":2,"column":36}},"1":{"start":{"line":4,"column":25},"end":{"line":7,"column":2}},"2":{"start":{"line":4,"column":50},"end":{"line":7,"column":2}},"3":{"start":{"line":5,"column":17},"end":{"line":5,"column":43}},"4":{"start":{"line":6,"column":2},"end":{"line":6,"column":16}},"5":{"start":{"line":9,"column":25},"end":{"line":12,"column":2}},"6":{"start":{"line":9,"column":36},"end":{"line":12,"column":2}},"7":{"start":{"line":10,"column":16},"end":{"line":10,"column":40}},"8":{"start":{"line":11,"column":2},"end":{"line":11,"column":15}},"9":{"start":{"line":15,"column":33},"end":{"line":25,"column":2}},"10":{"start":{"line":15,"column":54},"end":{"line":25,"column":2}},"11":{"start":{"line":16,"column":22},"end":{"line":21,"column":null}},"12":{"start":{"line":24,"column":2},"end":{"line":24,"column":21}},"13":{"start":{"line":27,"column":13},"end":{"line":31,"column":2}}},"fnMap":{"0":{"name":"(anonymous_7)","decl":{"start":{"line":4,"column":25},"end":{"line":4,"column":32}},"loc":{"start":{"line":4,"column":50},"end":{"line":7,"column":2}}},"1":{"name":"(anonymous_8)","decl":{"start":{"line":4,"column":50},"end":{"line":4,"column":null}},"loc":{"start":{"line":4,"column":50},"end":{"line":7,"column":1}}},"2":{"name":"(anonymous_9)","decl":{"start":{"line":9,"column":25},"end":{"line":9,"column":34}},"loc":{"start":{"line":9,"column":36},"end":{"line":12,"column":2}}},"3":{"name":"(anonymous_10)","decl":{"start":{"line":9,"column":36},"end":{"line":9,"column":null}},"loc":{"start":{"line":9,"column":36},"end":{"line":12,"column":1}}},"4":{"name":"(anonymous_11)","decl":{"start":{"line":15,"column":33},"end":{"line":15,"column":40}},"loc":{"start":{"line":15,"column":54},"end":{"line":25,"column":2}}},"5":{"name":"(anonymous_12)","decl":{"start":{"line":15,"column":54},"end":{"line":15,"column":null}},"loc":{"start":{"line":15,"column":54},"end":{"line":25,"column":1}}}},"branchMap":{},"s":{"0":2,"1":2,"2":4,"3":4,"4":4,"5":2,"6":1,"7":1,"8":1,"9":2,"10":1,"11":1,"12":1,"13":2},"f":{"0":4,"1":4,"2":1,"3":1,"4":1,"5":1},"b":{}}
,"E:\\Software Verification and Testing\\backend\\src\\app\\modules\\User\\user.validation.ts": {"path":"E:\\Software Verification and Testing\\backend\\src\\app\\modules\\User\\user.validation.ts","statementMap":{"0":{"start":{"line":1,"column":0},"end":{"line":1,"column":24}},"1":{"start":{"line":3,"column":34},"end":{"line":12,"column":2}},"2":{"start":{"line":14,"column":35},"end":{"line":25,"column":2}},"3":{"start":{"line":27,"column":13},"end":{"line":30,"column":2}}},"fnMap":{},"branchMap":{},"s":{"0":0,"1":0,"2":0,"3":0},"f":{},"b":{}}
,"E:\\Software Verification and Testing\\backend\\src\\app\\utils\\CatchAsync.ts": {"path":"E:\\Software Verification and Testing\\backend\\src\\app\\utils\\CatchAsync.ts","statementMap":{"0":{"start":{"line":4,"column":19},"end":{"line":8,"column":1}},"1":{"start":{"line":5,"column":2},"end":{"line":7,"column":4}},"2":{"start":{"line":6,"column":4},"end":{"line":6,"column":66}},"3":{"start":{"line":6,"column":55},"end":{"line":6,"column":64}},"4":{"start":{"line":10,"column":0},"end":{"line":10,"column":26}}},"fnMap":{"0":{"name":"(anonymous_0)","decl":{"start":{"line":4,"column":19},"end":{"line":4,"column":20}},"loc":{"start":{"line":4,"column":42},"end":{"line":8,"column":1}}},"1":{"name":"(anonymous_1)","decl":{"start":{"line":5,"column":9},"end":{"line":5,"column":10}},"loc":{"start":{"line":5,"column":61},"end":{"line":7,"column":3}}},"2":{"name":"(anonymous_2)","decl":{"start":{"line":6,"column":46},"end":{"line":6,"column":47}},"loc":{"start":{"line":6,"column":55},"end":{"line":6,"column":64}}}},"branchMap":{},"s":{"0":1,"1":3,"2":3,"3":0,"4":1},"f":{"0":3,"1":3,"2":0},"b":{}}
,"E:\\Software Verification and Testing\\backend\\src\\app\\utils\\sendResponse.ts": {"path":"E:\\Software Verification and Testing\\backend\\src\\app\\utils\\sendResponse.ts","statementMap":{"0":{"start":{"line":10,"column":21},"end":{"line":16,"column":1}},"1":{"start":{"line":11,"column":2},"end":{"line":15,"column":5}},"2":{"start":{"line":18,"column":0},"end":{"line":18,"column":28}}},"fnMap":{"0":{"name":"(anonymous_0)","decl":{"start":{"line":10,"column":21},"end":{"line":10,"column":25}},"loc":{"start":{"line":10,"column":62},"end":{"line":16,"column":1}}}},"branchMap":{"0":{"loc":{"start":{"line":11,"column":13},"end":{"line":11,"column":29}},"type":"cond-expr","locations":[{"start":{"line":11,"column":17},"end":{"line":11,"column":19}},{"start":{"line":11,"column":13},"end":{"line":11,"column":29}}]},"1":{"loc":{"start":{"line":11,"column":13},"end":{"line":11,"column":19}},"type":"binary-expr","locations":[{"start":{"line":11,"column":13},"end":{"line":11,"column":19}},{"start":{"line":11,"column":13},"end":{"line":11,"column":19}}]}},"s":{"0":1,"1":3,"2":1},"f":{"0":3},"b":{"0":[0,3],"1":[3,3]}}
}
